
c:/Repos/mwwhited/EmbeddedBakery/src/particle/HelloWorld/HelloEcho/target/3.3.1/photon/HelloEcho.elf:     file format elf32-littlearm

Sections:
Idx Name          Size      VMA       LMA       File off  Algn
  0 .module_info  00000018  080a0000  080a0000  00010000  2**0
                  CONTENTS, ALLOC, LOAD, READONLY, DATA
  1 .dynalib      00000004  080a0018  080a0018  00010018  2**2
                  CONTENTS, ALLOC, LOAD, READONLY, DATA
  2 .text         00000d64  080a001c  080a001c  0001001c  2**2
                  CONTENTS, ALLOC, LOAD, READONLY, CODE
  3 .backup       00000004  40024000  080a0d80  00014000  2**2
                  CONTENTS, ALLOC, LOAD, DATA
  4 .data         0000006c  20000000  080a0d84  00020000  2**2
                  CONTENTS, ALLOC, LOAD, DATA
  5 .bss          00000138  2000006c  2000006c  0003006c  2**2
                  ALLOC
  6 .module_info_suffix 00000028  080a0df0  080a0df0  00020df0  2**0
                  CONTENTS, ALLOC, LOAD, READONLY, DATA
  7 .module_info_crc 00000004  080a0e18  080a0e18  00020e18  2**0
                  CONTENTS, ALLOC, LOAD, READONLY, DATA
  8 .debug_info   00072d7f  00000000  00000000  00020e1c  2**0
                  CONTENTS, READONLY, DEBUGGING, OCTETS
  9 .debug_abbrev 0000a5d9  00000000  00000000  00093b9b  2**0
                  CONTENTS, READONLY, DEBUGGING, OCTETS
 10 .debug_loc    0000ec9e  00000000  00000000  0009e174  2**0
                  CONTENTS, READONLY, DEBUGGING, OCTETS
 11 .debug_aranges 00001350  00000000  00000000  000ace12  2**0
                  CONTENTS, READONLY, DEBUGGING, OCTETS
 12 .debug_ranges 00002e38  00000000  00000000  000ae162  2**0
                  CONTENTS, READONLY, DEBUGGING, OCTETS
 13 .debug_macro  00020113  00000000  00000000  000b0f9a  2**0
                  CONTENTS, READONLY, DEBUGGING, OCTETS
 14 .debug_line   0001ab9b  00000000  00000000  000d10ad  2**0
                  CONTENTS, READONLY, DEBUGGING, OCTETS
 15 .debug_str    000acf1d  00000000  00000000  000ebc48  2**0
                  CONTENTS, READONLY, DEBUGGING, OCTETS
 16 .debug_frame  00003094  00000000  00000000  00198b68  2**2
                  CONTENTS, READONLY, DEBUGGING, OCTETS

Disassembly of section .text:

080a001c <module_user_pre_init>:
/**
 * Initializes this user module. Returns the start of the heap.
 */
void* module_user_pre_init() {

    if ( (&link_global_data_start!=&link_global_data_initial_values) && (link_global_data_size != 0))
 80a001c:	4809      	ldr	r0, [pc, #36]	; (80a0044 <module_user_pre_init+0x28>)
 80a001e:	490a      	ldr	r1, [pc, #40]	; (80a0048 <module_user_pre_init+0x2c>)
void* module_user_pre_init() {
 80a0020:	b508      	push	{r3, lr}
    if ( (&link_global_data_start!=&link_global_data_initial_values) && (link_global_data_size != 0))
 80a0022:	4288      	cmp	r0, r1
 80a0024:	d005      	beq.n	80a0032 <module_user_pre_init+0x16>
 80a0026:	4a09      	ldr	r2, [pc, #36]	; (80a004c <module_user_pre_init+0x30>)
 80a0028:	4282      	cmp	r2, r0
 80a002a:	d002      	beq.n	80a0032 <module_user_pre_init+0x16>
    {
        memcpy(&link_global_data_start, &link_global_data_initial_values, link_global_data_size);
 80a002c:	1a12      	subs	r2, r2, r0
 80a002e:	f000 fd07 	bl	80a0a40 <memcpy>
    }

    memset(&link_bss_location, 0, link_bss_size );
 80a0032:	4807      	ldr	r0, [pc, #28]	; (80a0050 <module_user_pre_init+0x34>)
 80a0034:	4a07      	ldr	r2, [pc, #28]	; (80a0054 <module_user_pre_init+0x38>)
 80a0036:	2100      	movs	r1, #0
 80a0038:	1a12      	subs	r2, r2, r0
 80a003a:	f000 fd0f 	bl	80a0a5c <memset>
    return &link_heap_start;
}
 80a003e:	4806      	ldr	r0, [pc, #24]	; (80a0058 <module_user_pre_init+0x3c>)
 80a0040:	bd08      	pop	{r3, pc}
 80a0042:	bf00      	nop
 80a0044:	20000000 	.word	0x20000000
 80a0048:	080a0d84 	.word	0x080a0d84
 80a004c:	2000006c 	.word	0x2000006c
 80a0050:	2000006c 	.word	0x2000006c
 80a0054:	200001a1 	.word	0x200001a1
 80a0058:	200001a1 	.word	0x200001a1

080a005c <module_user_init>:
extern constructor_ptr_t link_constructors_location[];
extern constructor_ptr_t link_constructors_end;
#define link_constructors_size   ((unsigned long)&link_constructors_end  -  (unsigned long)&link_constructors_location )

void module_user_init()
{
 80a005c:	b570      	push	{r4, r5, r6, lr}
    module_user_init_hook();
 80a005e:	f000 fa3b 	bl	80a04d8 <module_user_init_hook>

    // invoke constructors
    for (size_t ctor_num=0; ctor_num < link_constructors_size/sizeof(constructor_ptr_t); ctor_num++ )
 80a0062:	2500      	movs	r5, #0
 80a0064:	4e05      	ldr	r6, [pc, #20]	; (80a007c <module_user_init+0x20>)
 80a0066:	4c06      	ldr	r4, [pc, #24]	; (80a0080 <module_user_init+0x24>)
 80a0068:	1ba4      	subs	r4, r4, r6
 80a006a:	08a4      	lsrs	r4, r4, #2
 80a006c:	42ac      	cmp	r4, r5
 80a006e:	d100      	bne.n	80a0072 <module_user_init+0x16>
    {
        link_constructors_location[ctor_num]();
    }
}
 80a0070:	bd70      	pop	{r4, r5, r6, pc}
        link_constructors_location[ctor_num]();
 80a0072:	f856 3b04 	ldr.w	r3, [r6], #4
 80a0076:	4798      	blx	r3
    for (size_t ctor_num=0; ctor_num < link_constructors_size/sizeof(constructor_ptr_t); ctor_num++ )
 80a0078:	3501      	adds	r5, #1
 80a007a:	e7f7      	b.n	80a006c <module_user_init+0x10>
 80a007c:	080a0d60 	.word	0x080a0d60
 80a0080:	080a0d7c 	.word	0x080a0d7c

080a0084 <module_user_setup>:

/**
 * Export these functions with a fuller name so they don't clash with the setup/loop wrappers in the system module.
 */
void module_user_setup() {
    setup();
 80a0084:	f000 b813 	b.w	80a00ae <setup>

080a0088 <module_user_loop>:
}

void module_user_loop() {
 80a0088:	b508      	push	{r3, lr}
    loop();
 80a008a:	f000 f811 	bl	80a00b0 <loop>
    _post_loop();
}
 80a008e:	e8bd 4008 	ldmia.w	sp!, {r3, lr}
    _post_loop();
 80a0092:	f000 b9d9 	b.w	80a0448 <_post_loop>

080a0096 <_Znaj>:
 80a0096:	f000 b911 	b.w	80a02bc <malloc>

080a009a <_ZdlPvj>:
	free(p);
}

void operator delete(void *p, size_t size)
{
	free(p);
 80a009a:	f000 b917 	b.w	80a02cc <free>

080a009e <__cxa_guard_acquire>:

/* Provide default implemenation for __cxa_guard_acquire() and
 * __cxa_guard_release(). Note: these must be revisited if a multitasking
 * OS is ported to this platform. */
__extension__ typedef int __guard __attribute__((mode (__DI__)));
int __cxa_guard_acquire(__guard *g) {return !*(char *)(g);};
 80a009e:	7800      	ldrb	r0, [r0, #0]
 80a00a0:	fab0 f080 	clz	r0, r0
 80a00a4:	0940      	lsrs	r0, r0, #5
 80a00a6:	4770      	bx	lr

080a00a8 <__cxa_guard_release>:
void __cxa_guard_release (__guard *g) {*(char *)g = 1;};
 80a00a8:	2301      	movs	r3, #1
 80a00aa:	7003      	strb	r3, [r0, #0]
 80a00ac:	4770      	bx	lr

080a00ae <setup>:

// setup() runs once, when the device is first turned on.
void setup() {
  // Put initialization like pinMode and begin functions here.

}
 80a00ae:	4770      	bx	lr

080a00b0 <loop>:
 80a00b0:	4770      	bx	lr
	...

080a00b4 <HAL_RNG_GetRandomNumber>:

DYNALIB_BEGIN(hal)

#if PLATFORM_ID > 3
DYNALIB_FN(0, hal, HAL_RNG_Configuration, void(void))
DYNALIB_FN(1, hal, HAL_RNG_GetRandomNumber, uint32_t(void))
 80a00b4:	b508      	push	{r3, lr}
 80a00b6:	4b02      	ldr	r3, [pc, #8]	; (80a00c0 <HAL_RNG_GetRandomNumber+0xc>)
 80a00b8:	681b      	ldr	r3, [r3, #0]
 80a00ba:	685b      	ldr	r3, [r3, #4]
 80a00bc:	9301      	str	r3, [sp, #4]
 80a00be:	bd08      	pop	{r3, pc}
 80a00c0:	0806019c 	.word	0x0806019c

080a00c4 <HAL_Timer_Get_Milli_Seconds>:
#endif

DYNALIB_FN(BASE_IDX + 0, hal, HAL_Delay_Milliseconds, void(uint32_t))
DYNALIB_FN(BASE_IDX + 1, hal, HAL_Delay_Microseconds, void(uint32_t))
DYNALIB_FN(BASE_IDX + 2, hal, HAL_Timer_Get_Micro_Seconds, system_tick_t(void))
DYNALIB_FN(BASE_IDX + 3, hal, HAL_Timer_Get_Milli_Seconds, system_tick_t(void))
 80a00c4:	b508      	push	{r3, lr}
 80a00c6:	4b02      	ldr	r3, [pc, #8]	; (80a00d0 <HAL_Timer_Get_Milli_Seconds+0xc>)
 80a00c8:	681b      	ldr	r3, [r3, #0]
 80a00ca:	695b      	ldr	r3, [r3, #20]
 80a00cc:	9301      	str	r3, [sp, #4]
 80a00ce:	bd08      	pop	{r3, pc}
 80a00d0:	0806019c 	.word	0x0806019c

080a00d4 <hal_usart_write>:
#endif

DYNALIB_FN(BASE_IDX + 0, hal_usart, hal_usart_init, void(hal_usart_interface_t, hal_usart_ring_buffer_t*, hal_usart_ring_buffer_t*))
DYNALIB_FN(BASE_IDX + 1, hal_usart, hal_usart_begin, void(hal_usart_interface_t, uint32_t))
DYNALIB_FN(BASE_IDX + 2, hal_usart, hal_usart_end, void(hal_usart_interface_t))
DYNALIB_FN(BASE_IDX + 3, hal_usart, hal_usart_write, uint32_t(hal_usart_interface_t, uint8_t))
 80a00d4:	b508      	push	{r3, lr}
 80a00d6:	4b02      	ldr	r3, [pc, #8]	; (80a00e0 <hal_usart_write+0xc>)
 80a00d8:	681b      	ldr	r3, [r3, #0]
 80a00da:	6a5b      	ldr	r3, [r3, #36]	; 0x24
 80a00dc:	9301      	str	r3, [sp, #4]
 80a00de:	bd08      	pop	{r3, pc}
 80a00e0:	080601c4 	.word	0x080601c4

080a00e4 <hal_usart_available>:
DYNALIB_FN(BASE_IDX + 4, hal_usart, hal_usart_available, int32_t(hal_usart_interface_t))
 80a00e4:	b508      	push	{r3, lr}
 80a00e6:	4b02      	ldr	r3, [pc, #8]	; (80a00f0 <hal_usart_available+0xc>)
 80a00e8:	681b      	ldr	r3, [r3, #0]
 80a00ea:	6a9b      	ldr	r3, [r3, #40]	; 0x28
 80a00ec:	9301      	str	r3, [sp, #4]
 80a00ee:	bd08      	pop	{r3, pc}
 80a00f0:	080601c4 	.word	0x080601c4

080a00f4 <hal_usart_read>:
DYNALIB_FN(BASE_IDX + 5, hal_usart, hal_usart_read, int32_t(hal_usart_interface_t))
 80a00f4:	b508      	push	{r3, lr}
 80a00f6:	4b02      	ldr	r3, [pc, #8]	; (80a0100 <hal_usart_read+0xc>)
 80a00f8:	681b      	ldr	r3, [r3, #0]
 80a00fa:	6adb      	ldr	r3, [r3, #44]	; 0x2c
 80a00fc:	9301      	str	r3, [sp, #4]
 80a00fe:	bd08      	pop	{r3, pc}
 80a0100:	080601c4 	.word	0x080601c4

080a0104 <hal_usart_peek>:
DYNALIB_FN(BASE_IDX + 6, hal_usart, hal_usart_peek, int32_t(hal_usart_interface_t))
 80a0104:	b508      	push	{r3, lr}
 80a0106:	4b02      	ldr	r3, [pc, #8]	; (80a0110 <hal_usart_peek+0xc>)
 80a0108:	681b      	ldr	r3, [r3, #0]
 80a010a:	6b1b      	ldr	r3, [r3, #48]	; 0x30
 80a010c:	9301      	str	r3, [sp, #4]
 80a010e:	bd08      	pop	{r3, pc}
 80a0110:	080601c4 	.word	0x080601c4

080a0114 <hal_usart_flush>:
DYNALIB_FN(BASE_IDX + 7, hal_usart, hal_usart_flush, void(hal_usart_interface_t))
 80a0114:	b508      	push	{r3, lr}
 80a0116:	4b02      	ldr	r3, [pc, #8]	; (80a0120 <hal_usart_flush+0xc>)
 80a0118:	681b      	ldr	r3, [r3, #0]
 80a011a:	6b5b      	ldr	r3, [r3, #52]	; 0x34
 80a011c:	9301      	str	r3, [sp, #4]
 80a011e:	bd08      	pop	{r3, pc}
 80a0120:	080601c4 	.word	0x080601c4

080a0124 <hal_usart_available_data_for_write>:
DYNALIB_FN(BASE_IDX + 8, hal_usart, hal_usart_is_enabled, bool(hal_usart_interface_t))
DYNALIB_FN(BASE_IDX + 9, hal_usart, hal_usart_half_duplex, void(hal_usart_interface_t, bool))
DYNALIB_FN(BASE_IDX + 10, hal_usart, hal_usart_available_data_for_write, int32_t(hal_usart_interface_t))
 80a0124:	b508      	push	{r3, lr}
 80a0126:	4b02      	ldr	r3, [pc, #8]	; (80a0130 <hal_usart_available_data_for_write+0xc>)
 80a0128:	681b      	ldr	r3, [r3, #0]
 80a012a:	6c1b      	ldr	r3, [r3, #64]	; 0x40
 80a012c:	9301      	str	r3, [sp, #4]
 80a012e:	bd08      	pop	{r3, pc}
 80a0130:	080601c4 	.word	0x080601c4

080a0134 <hal_usart_init_ex>:
DYNALIB_FN(BASE_IDX2 + 0, hal_usart, hal_usart_begin_config, void(hal_usart_interface_t serial, uint32_t baud, uint32_t config, void *ptr))
DYNALIB_FN(BASE_IDX2 + 1, hal_usart, hal_usart_write_nine_bits, uint32_t(hal_usart_interface_t serial, uint16_t data))
DYNALIB_FN(BASE_IDX2 + 2, hal_usart, hal_usart_send_break, void(hal_usart_interface_t, void*))
DYNALIB_FN(BASE_IDX2 + 3, hal_usart, hal_usart_break_detected, uint8_t(hal_usart_interface_t))
DYNALIB_FN(BASE_IDX2 + 4, hal_usart, hal_usart_sleep, int(hal_usart_interface_t serial, bool, void*))
DYNALIB_FN(BASE_IDX2 + 5, hal_usart, hal_usart_init_ex, int(hal_usart_interface_t, const hal_usart_buffer_config_t*, void*))
 80a0134:	b508      	push	{r3, lr}
 80a0136:	4b02      	ldr	r3, [pc, #8]	; (80a0140 <hal_usart_init_ex+0xc>)
 80a0138:	681b      	ldr	r3, [r3, #0]
 80a013a:	6e1b      	ldr	r3, [r3, #96]	; 0x60
 80a013c:	9301      	str	r3, [sp, #4]
 80a013e:	bd08      	pop	{r3, pc}
 80a0140:	080601c4 	.word	0x080601c4

080a0144 <HAL_USB_USART_Init>:
#endif

DYNALIB_BEGIN(hal_usb)

#ifdef USB_CDC_ENABLE
DYNALIB_FN(0, hal_usb, HAL_USB_USART_Init, void(HAL_USB_USART_Serial, const HAL_USB_USART_Config*))
 80a0144:	b508      	push	{r3, lr}
 80a0146:	4b02      	ldr	r3, [pc, #8]	; (80a0150 <HAL_USB_USART_Init+0xc>)
 80a0148:	681b      	ldr	r3, [r3, #0]
 80a014a:	681b      	ldr	r3, [r3, #0]
 80a014c:	9301      	str	r3, [sp, #4]
 80a014e:	bd08      	pop	{r3, pc}
 80a0150:	080601d8 	.word	0x080601d8

080a0154 <HAL_USB_USART_Available_Data>:
DYNALIB_FN(1, hal_usb, HAL_USB_USART_Begin, void(HAL_USB_USART_Serial, uint32_t, void *))
DYNALIB_FN(2, hal_usb, HAL_USB_USART_End, void(HAL_USB_USART_Serial))
DYNALIB_FN(3, hal_usb, HAL_USB_USART_Baud_Rate, unsigned int(HAL_USB_USART_Serial))
DYNALIB_FN(4, hal_usb, HAL_USB_USART_Available_Data, int32_t(HAL_USB_USART_Serial))
 80a0154:	b508      	push	{r3, lr}
 80a0156:	4b02      	ldr	r3, [pc, #8]	; (80a0160 <HAL_USB_USART_Available_Data+0xc>)
 80a0158:	681b      	ldr	r3, [r3, #0]
 80a015a:	691b      	ldr	r3, [r3, #16]
 80a015c:	9301      	str	r3, [sp, #4]
 80a015e:	bd08      	pop	{r3, pc}
 80a0160:	080601d8 	.word	0x080601d8

080a0164 <HAL_USB_USART_Available_Data_For_Write>:
DYNALIB_FN(5, hal_usb, HAL_USB_USART_Available_Data_For_Write, int32_t(HAL_USB_USART_Serial))
 80a0164:	b508      	push	{r3, lr}
 80a0166:	4b02      	ldr	r3, [pc, #8]	; (80a0170 <HAL_USB_USART_Available_Data_For_Write+0xc>)
 80a0168:	681b      	ldr	r3, [r3, #0]
 80a016a:	695b      	ldr	r3, [r3, #20]
 80a016c:	9301      	str	r3, [sp, #4]
 80a016e:	bd08      	pop	{r3, pc}
 80a0170:	080601d8 	.word	0x080601d8

080a0174 <HAL_USB_USART_Receive_Data>:
DYNALIB_FN(6, hal_usb, HAL_USB_USART_Receive_Data, int32_t(HAL_USB_USART_Serial, uint8_t))
 80a0174:	b508      	push	{r3, lr}
 80a0176:	4b02      	ldr	r3, [pc, #8]	; (80a0180 <HAL_USB_USART_Receive_Data+0xc>)
 80a0178:	681b      	ldr	r3, [r3, #0]
 80a017a:	699b      	ldr	r3, [r3, #24]
 80a017c:	9301      	str	r3, [sp, #4]
 80a017e:	bd08      	pop	{r3, pc}
 80a0180:	080601d8 	.word	0x080601d8

080a0184 <HAL_USB_USART_Send_Data>:
DYNALIB_FN(7, hal_usb, HAL_USB_USART_Send_Data, int32_t(HAL_USB_USART_Serial, uint8_t))
 80a0184:	b508      	push	{r3, lr}
 80a0186:	4b02      	ldr	r3, [pc, #8]	; (80a0190 <HAL_USB_USART_Send_Data+0xc>)
 80a0188:	681b      	ldr	r3, [r3, #0]
 80a018a:	69db      	ldr	r3, [r3, #28]
 80a018c:	9301      	str	r3, [sp, #4]
 80a018e:	bd08      	pop	{r3, pc}
 80a0190:	080601d8 	.word	0x080601d8

080a0194 <HAL_USB_USART_Flush_Data>:
DYNALIB_FN(8, hal_usb, HAL_USB_USART_Flush_Data, void(HAL_USB_USART_Serial))
 80a0194:	b508      	push	{r3, lr}
 80a0196:	4b02      	ldr	r3, [pc, #8]	; (80a01a0 <HAL_USB_USART_Flush_Data+0xc>)
 80a0198:	681b      	ldr	r3, [r3, #0]
 80a019a:	6a1b      	ldr	r3, [r3, #32]
 80a019c:	9301      	str	r3, [sp, #4]
 80a019e:	bd08      	pop	{r3, pc}
 80a01a0:	080601d8 	.word	0x080601d8

080a01a4 <inet_gethostbyname>:
DYNALIB_FN(14, hal_wlan, wlan_set_error_count, void(uint32_t))
DYNALIB_FN(15, hal_wlan, wlan_fetch_ipconfig, int(WLanConfig*))
DYNALIB_FN(16, hal_wlan, wlan_setup, void(void))

DYNALIB_FN(17, hal_wlan, HAL_NET_SetNetWatchDog, uint32_t(uint32_t))
DYNALIB_FN(18, hal_wlan, inet_gethostbyname, int(const char*, uint16_t, HAL_IPAddress*, network_interface_t, void*))
 80a01a4:	b508      	push	{r3, lr}
 80a01a6:	4b02      	ldr	r3, [pc, #8]	; (80a01b0 <inet_gethostbyname+0xc>)
 80a01a8:	681b      	ldr	r3, [r3, #0]
 80a01aa:	6c9b      	ldr	r3, [r3, #72]	; 0x48
 80a01ac:	9301      	str	r3, [sp, #4]
 80a01ae:	bd08      	pop	{r3, pc}
 80a01b0:	080601c0 	.word	0x080601c0

080a01b4 <set_system_mode>:
#endif

DYNALIB_BEGIN(system)

DYNALIB_FN(0, system, system_mode, System_Mode_TypeDef(void))
DYNALIB_FN(1, system, set_system_mode, void(System_Mode_TypeDef))
 80a01b4:	b508      	push	{r3, lr}
 80a01b6:	4b02      	ldr	r3, [pc, #8]	; (80a01c0 <set_system_mode+0xc>)
 80a01b8:	681b      	ldr	r3, [r3, #0]
 80a01ba:	685b      	ldr	r3, [r3, #4]
 80a01bc:	9301      	str	r3, [sp, #4]
 80a01be:	bd08      	pop	{r3, pc}
 80a01c0:	080601a4 	.word	0x080601a4

080a01c4 <system_ctrl_set_app_request_handler>:
DYNALIB_FN(BASE_IDX + 6, system, led_pattern_period, uint16_t(int, int, void*))
DYNALIB_FN(BASE_IDX + 7, system, system_set_tester_handlers, int(system_tester_handlers_t*, void*))
DYNALIB_FN(BASE_IDX + 8, system, system_format_diag_data, int(const uint16_t*, size_t, unsigned, appender_fn, void*, void*))

// Control requests
DYNALIB_FN(BASE_IDX + 9, system, system_ctrl_set_app_request_handler, int(ctrl_request_handler_fn, void*))
 80a01c4:	b508      	push	{r3, lr}
 80a01c6:	4b03      	ldr	r3, [pc, #12]	; (80a01d4 <system_ctrl_set_app_request_handler+0x10>)
 80a01c8:	681b      	ldr	r3, [r3, #0]
 80a01ca:	f8d3 3090 	ldr.w	r3, [r3, #144]	; 0x90
 80a01ce:	9301      	str	r3, [sp, #4]
 80a01d0:	bd08      	pop	{r3, pc}
 80a01d2:	0000      	.short	0x0000
 80a01d4:	080601a4 	.word	0x080601a4

080a01d8 <system_ctrl_set_result>:
DYNALIB_FN(BASE_IDX + 10, system, system_ctrl_alloc_reply_data, int(ctrl_request*, size_t, void*))
DYNALIB_FN(BASE_IDX + 11, system, system_ctrl_free_request_data, void(ctrl_request*, void*))
DYNALIB_FN(BASE_IDX + 12, system, system_ctrl_set_result, void(ctrl_request*, int, ctrl_completion_handler_fn, void*, void*))
 80a01d8:	b508      	push	{r3, lr}
 80a01da:	4b03      	ldr	r3, [pc, #12]	; (80a01e8 <system_ctrl_set_result+0x10>)
 80a01dc:	681b      	ldr	r3, [r3, #0]
 80a01de:	f8d3 309c 	ldr.w	r3, [r3, #156]	; 0x9c
 80a01e2:	9301      	str	r3, [sp, #4]
 80a01e4:	bd08      	pop	{r3, pc}
 80a01e6:	0000      	.short	0x0000
 80a01e8:	080601a4 	.word	0x080601a4

080a01ec <network_connect>:
#endif

DYNALIB_BEGIN(system_net)

DYNALIB_FN(0, system_net, network_config, const void*(network_handle_t, uint32_t, void*))
DYNALIB_FN(1, system_net, network_connect, void(network_handle_t, uint32_t, uint32_t, void*))
 80a01ec:	b508      	push	{r3, lr}
 80a01ee:	4b02      	ldr	r3, [pc, #8]	; (80a01f8 <network_connect+0xc>)
 80a01f0:	681b      	ldr	r3, [r3, #0]
 80a01f2:	685b      	ldr	r3, [r3, #4]
 80a01f4:	9301      	str	r3, [sp, #4]
 80a01f6:	bd08      	pop	{r3, pc}
 80a01f8:	080601c8 	.word	0x080601c8

080a01fc <network_connecting>:
DYNALIB_FN(2, system_net, network_connecting, bool(network_handle_t, uint32_t, void*))
 80a01fc:	b508      	push	{r3, lr}
 80a01fe:	4b02      	ldr	r3, [pc, #8]	; (80a0208 <network_connecting+0xc>)
 80a0200:	681b      	ldr	r3, [r3, #0]
 80a0202:	689b      	ldr	r3, [r3, #8]
 80a0204:	9301      	str	r3, [sp, #4]
 80a0206:	bd08      	pop	{r3, pc}
 80a0208:	080601c8 	.word	0x080601c8

080a020c <network_disconnect>:
DYNALIB_FN(3, system_net, network_disconnect, void(network_handle_t, uint32_t, void*))
 80a020c:	b508      	push	{r3, lr}
 80a020e:	4b02      	ldr	r3, [pc, #8]	; (80a0218 <network_disconnect+0xc>)
 80a0210:	681b      	ldr	r3, [r3, #0]
 80a0212:	68db      	ldr	r3, [r3, #12]
 80a0214:	9301      	str	r3, [sp, #4]
 80a0216:	bd08      	pop	{r3, pc}
 80a0218:	080601c8 	.word	0x080601c8

080a021c <network_ready>:
DYNALIB_FN(4, system_net, network_ready, bool(network_handle_t, uint32_t, void*))
 80a021c:	b508      	push	{r3, lr}
 80a021e:	4b02      	ldr	r3, [pc, #8]	; (80a0228 <network_ready+0xc>)
 80a0220:	681b      	ldr	r3, [r3, #0]
 80a0222:	691b      	ldr	r3, [r3, #16]
 80a0224:	9301      	str	r3, [sp, #4]
 80a0226:	bd08      	pop	{r3, pc}
 80a0228:	080601c8 	.word	0x080601c8

080a022c <network_on>:
DYNALIB_FN(5, system_net, network_on, void(network_handle_t, uint32_t, uint32_t, void*))
 80a022c:	b508      	push	{r3, lr}
 80a022e:	4b02      	ldr	r3, [pc, #8]	; (80a0238 <network_on+0xc>)
 80a0230:	681b      	ldr	r3, [r3, #0]
 80a0232:	695b      	ldr	r3, [r3, #20]
 80a0234:	9301      	str	r3, [sp, #4]
 80a0236:	bd08      	pop	{r3, pc}
 80a0238:	080601c8 	.word	0x080601c8

080a023c <network_off>:
DYNALIB_FN(6, system_net, network_off, void(network_handle_t, uint32_t, uint32_t, void*))
 80a023c:	b508      	push	{r3, lr}
 80a023e:	4b02      	ldr	r3, [pc, #8]	; (80a0248 <network_off+0xc>)
 80a0240:	681b      	ldr	r3, [r3, #0]
 80a0242:	699b      	ldr	r3, [r3, #24]
 80a0244:	9301      	str	r3, [sp, #4]
 80a0246:	bd08      	pop	{r3, pc}
 80a0248:	080601c8 	.word	0x080601c8

080a024c <network_listen>:
DYNALIB_FN(7, system_net, network_listen, void(network_handle_t, uint32_t, void*))
 80a024c:	b508      	push	{r3, lr}
 80a024e:	4b02      	ldr	r3, [pc, #8]	; (80a0258 <network_listen+0xc>)
 80a0250:	681b      	ldr	r3, [r3, #0]
 80a0252:	69db      	ldr	r3, [r3, #28]
 80a0254:	9301      	str	r3, [sp, #4]
 80a0256:	bd08      	pop	{r3, pc}
 80a0258:	080601c8 	.word	0x080601c8

080a025c <network_listening>:
DYNALIB_FN(8, system_net, network_listening, bool(network_handle_t, uint32_t, void*))
 80a025c:	b508      	push	{r3, lr}
 80a025e:	4b02      	ldr	r3, [pc, #8]	; (80a0268 <network_listening+0xc>)
 80a0260:	681b      	ldr	r3, [r3, #0]
 80a0262:	6a1b      	ldr	r3, [r3, #32]
 80a0264:	9301      	str	r3, [sp, #4]
 80a0266:	bd08      	pop	{r3, pc}
 80a0268:	080601c8 	.word	0x080601c8

080a026c <network_set_listen_timeout>:
DYNALIB_FN(9, system_net, network_has_credentials, bool(network_handle_t, uint32_t, void*))
DYNALIB_FN(10, system_net, network_set_credentials, int(network_handle_t, uint32_t, NetworkCredentials*, void*))
DYNALIB_FN(11, system_net, network_clear_credentials, bool(network_handle_t, uint32_t, NetworkCredentials*, void*))
DYNALIB_FN(12, system_net, network_set_listen_timeout, void(network_handle_t, uint16_t, void*))
 80a026c:	b508      	push	{r3, lr}
 80a026e:	4b02      	ldr	r3, [pc, #8]	; (80a0278 <network_set_listen_timeout+0xc>)
 80a0270:	681b      	ldr	r3, [r3, #0]
 80a0272:	6b1b      	ldr	r3, [r3, #48]	; 0x30
 80a0274:	9301      	str	r3, [sp, #4]
 80a0276:	bd08      	pop	{r3, pc}
 80a0278:	080601c8 	.word	0x080601c8

080a027c <network_get_listen_timeout>:
DYNALIB_FN(13, system_net, network_get_listen_timeout, uint16_t(network_handle_t, uint32_t, void*))
 80a027c:	b508      	push	{r3, lr}
 80a027e:	4b02      	ldr	r3, [pc, #8]	; (80a0288 <network_get_listen_timeout+0xc>)
 80a0280:	681b      	ldr	r3, [r3, #0]
 80a0282:	6b5b      	ldr	r3, [r3, #52]	; 0x34
 80a0284:	9301      	str	r3, [sp, #4]
 80a0286:	bd08      	pop	{r3, pc}
 80a0288:	080601c8 	.word	0x080601c8

080a028c <network_is_on>:
DYNALIB_FN(14, system_net, network_set_hostname, int(network_handle_t, uint32_t, const char*, void*))
DYNALIB_FN(15, system_net, network_get_hostname, int(network_handle_t, uint32_t, char*, size_t, void*))
DYNALIB_FN(16, system_net, network_is_on, bool(network_handle_t, void*))
 80a028c:	b508      	push	{r3, lr}
 80a028e:	4b02      	ldr	r3, [pc, #8]	; (80a0298 <network_is_on+0xc>)
 80a0290:	681b      	ldr	r3, [r3, #0]
 80a0292:	6c1b      	ldr	r3, [r3, #64]	; 0x40
 80a0294:	9301      	str	r3, [sp, #4]
 80a0296:	bd08      	pop	{r3, pc}
 80a0298:	080601c8 	.word	0x080601c8

080a029c <network_is_off>:
DYNALIB_FN(17, system_net, network_is_off, bool(network_handle_t, void*))
 80a029c:	b508      	push	{r3, lr}
 80a029e:	4b02      	ldr	r3, [pc, #8]	; (80a02a8 <network_is_off+0xc>)
 80a02a0:	681b      	ldr	r3, [r3, #0]
 80a02a2:	6c5b      	ldr	r3, [r3, #68]	; 0x44
 80a02a4:	9301      	str	r3, [sp, #4]
 80a02a6:	bd08      	pop	{r3, pc}
 80a02a8:	080601c8 	.word	0x080601c8

080a02ac <spark_set_random_seed_from_cloud_handler>:
DYNALIB_FN(10, system_cloud, spark_unsubscribe, void(void*))
DYNALIB_FN(11, system_cloud, spark_sync_time, bool(void*))
DYNALIB_FN(12, system_cloud, spark_sync_time_pending, bool(void*))
DYNALIB_FN(13, system_cloud, spark_sync_time_last, system_tick_t(time32_t*, time_t*))
DYNALIB_FN(14, system_cloud, spark_set_connection_property, int(unsigned, unsigned, const void*, void*))
DYNALIB_FN(15, system_cloud, spark_set_random_seed_from_cloud_handler, int(void (*handler)(unsigned int), void*))
 80a02ac:	b508      	push	{r3, lr}
 80a02ae:	4b02      	ldr	r3, [pc, #8]	; (80a02b8 <spark_set_random_seed_from_cloud_handler+0xc>)
 80a02b0:	681b      	ldr	r3, [r3, #0]
 80a02b2:	6bdb      	ldr	r3, [r3, #60]	; 0x3c
 80a02b4:	9301      	str	r3, [sp, #4]
 80a02b6:	bd08      	pop	{r3, pc}
 80a02b8:	080601cc 	.word	0x080601cc

080a02bc <malloc>:
#include "hal_platform.h"
#endif // defined(DYNALIB_EXPORT) || (defined(DYNALIB_IMPORT) && !defined(RT_DYNALIB_NO_DEPENDENCY_BREAKING_IMPORTS))

DYNALIB_BEGIN(rt)

DYNALIB_FN(0, rt, malloc, void*(size_t))
 80a02bc:	b508      	push	{r3, lr}
 80a02be:	4b02      	ldr	r3, [pc, #8]	; (80a02c8 <malloc+0xc>)
 80a02c0:	681b      	ldr	r3, [r3, #0]
 80a02c2:	681b      	ldr	r3, [r3, #0]
 80a02c4:	9301      	str	r3, [sp, #4]
 80a02c6:	bd08      	pop	{r3, pc}
 80a02c8:	080601a0 	.word	0x080601a0

080a02cc <free>:
DYNALIB_FN(1, rt, free, void(void*))
 80a02cc:	b508      	push	{r3, lr}
 80a02ce:	4b02      	ldr	r3, [pc, #8]	; (80a02d8 <free+0xc>)
 80a02d0:	681b      	ldr	r3, [r3, #0]
 80a02d2:	685b      	ldr	r3, [r3, #4]
 80a02d4:	9301      	str	r3, [sp, #4]
 80a02d6:	bd08      	pop	{r3, pc}
 80a02d8:	080601a0 	.word	0x080601a0

080a02dc <__assert_func>:
// on Gen 2 platforms without breaking inter-module dependencies.
// RT is currently being imported into system-part1 from system-part2,
// which is the reverse direction.

#if defined(DYNALIB_EXPORT) || (defined(DYNALIB_IMPORT) && !defined(RT_DYNALIB_NO_DEPENDENCY_BREAKING_IMPORTS))
DYNALIB_FN(16, rt, __assert_func, void(const char*, int, const char*, const char*))
 80a02dc:	b508      	push	{r3, lr}
 80a02de:	4b02      	ldr	r3, [pc, #8]	; (80a02e8 <__assert_func+0xc>)
 80a02e0:	681b      	ldr	r3, [r3, #0]
 80a02e2:	6c1b      	ldr	r3, [r3, #64]	; 0x40
 80a02e4:	9301      	str	r3, [sp, #4]
 80a02e6:	bd08      	pop	{r3, pc}
 80a02e8:	080601a0 	.word	0x080601a0

080a02ec <newlib_impure_ptr_callback>:
DYNALIB_FN(17, rt, newlib_impure_ptr_callback, void(void (*)(struct _reent*, size_t, uint32_t, void*), void*))
 80a02ec:	b508      	push	{r3, lr}
 80a02ee:	4b02      	ldr	r3, [pc, #8]	; (80a02f8 <newlib_impure_ptr_callback+0xc>)
 80a02f0:	681b      	ldr	r3, [r3, #0]
 80a02f2:	6c5b      	ldr	r3, [r3, #68]	; 0x44
 80a02f4:	9301      	str	r3, [sp, #4]
 80a02f6:	bd08      	pop	{r3, pc}
 80a02f8:	080601a0 	.word	0x080601a0

080a02fc <_GLOBAL__sub_I_System>:
} // namespace particle

// particle::Flag<TagT, ValueT>
template<typename TagT, typename ValueT>
inline particle::Flag<TagT, ValueT>::Flag(ValueT val) :
        val_(val) {
 80a02fc:	2202      	movs	r2, #2

class SystemSleepResult {
public:
    SystemSleepResult()
            : wakeupSource_(nullptr),
              error_(SYSTEM_ERROR_NONE) {
 80a02fe:	2000      	movs	r0, #0
 80a0300:	4b04      	ldr	r3, [pc, #16]	; (80a0314 <_GLOBAL__sub_I_System+0x18>)
 80a0302:	601a      	str	r2, [r3, #0]
 80a0304:	4b04      	ldr	r3, [pc, #16]	; (80a0318 <_GLOBAL__sub_I_System+0x1c>)
    SleepResult() {}
 80a0306:	4a05      	ldr	r2, [pc, #20]	; (80a031c <_GLOBAL__sub_I_System+0x20>)
              error_(SYSTEM_ERROR_NONE) {
 80a0308:	e9c3 0000 	strd	r0, r0, [r3]
    SleepResult() {}
 80a030c:	609a      	str	r2, [r3, #8]

class SystemClass {
public:

    SystemClass(System_Mode_TypeDef mode = DEFAULT) {
        set_system_mode(mode);
 80a030e:	f7ff bf51 	b.w	80a01b4 <set_system_mode>
 80a0312:	bf00      	nop
 80a0314:	20000078 	.word	0x20000078
 80a0318:	2000006c 	.word	0x2000006c
 80a031c:	ffff0000 	.word	0xffff0000

080a0320 <_ZN5Print5writeEPKhj>:

// Public Methods //////////////////////////////////////////////////////////////

/* default implementation: may be overridden */
size_t Print::write(const uint8_t *buffer, size_t size)
{
 80a0320:	b5f8      	push	{r3, r4, r5, r6, r7, lr}
 80a0322:	4606      	mov	r6, r0
 80a0324:	460d      	mov	r5, r1
  size_t n = 0;
 80a0326:	2400      	movs	r4, #0
 80a0328:	188f      	adds	r7, r1, r2
  while (size--) {
 80a032a:	42bd      	cmp	r5, r7
 80a032c:	d00c      	beq.n	80a0348 <_ZN5Print5writeEPKhj+0x28>
     int chunk = write(*buffer++);
 80a032e:	6833      	ldr	r3, [r6, #0]
 80a0330:	4630      	mov	r0, r6
 80a0332:	689b      	ldr	r3, [r3, #8]
 80a0334:	f815 1b01 	ldrb.w	r1, [r5], #1
 80a0338:	4798      	blx	r3
     if (chunk>=0)
 80a033a:	1e03      	subs	r3, r0, #0
 80a033c:	db01      	blt.n	80a0342 <_ZN5Print5writeEPKhj+0x22>
         n += chunk;
 80a033e:	441c      	add	r4, r3
  while (size--) {
 80a0340:	e7f3      	b.n	80a032a <_ZN5Print5writeEPKhj+0xa>
     int chunk = write(*buffer++);
 80a0342:	2c00      	cmp	r4, #0
 80a0344:	bf08      	it	eq
 80a0346:	461c      	moveq	r4, r3
             n = chunk;
         break;
     }
  }
  return n;
}
 80a0348:	4620      	mov	r0, r4
 80a034a:	bdf8      	pop	{r3, r4, r5, r6, r7, pc}

080a034c <_ZN5Print5writeEPKc>:

    int getWriteError() { return write_error; }
    void clearWriteError() { setWriteError(0); }

    virtual size_t write(uint8_t) = 0;
    size_t write(const char *str) {
 80a034c:	b570      	push	{r4, r5, r6, lr}
 80a034e:	4605      	mov	r5, r0
      if (str == NULL) return 0;
 80a0350:	460c      	mov	r4, r1
      return write((const uint8_t *)str, strlen(str));
    }
 80a0352:	4608      	mov	r0, r1
      if (str == NULL) return 0;
 80a0354:	b149      	cbz	r1, 80a036a <_ZN5Print5writeEPKc+0x1e>
      return write((const uint8_t *)str, strlen(str));
 80a0356:	f000 fbb7 	bl	80a0ac8 <strlen>
 80a035a:	682b      	ldr	r3, [r5, #0]
 80a035c:	4602      	mov	r2, r0
 80a035e:	4621      	mov	r1, r4
 80a0360:	4628      	mov	r0, r5
    }
 80a0362:	e8bd 4070 	ldmia.w	sp!, {r4, r5, r6, lr}
      return write((const uint8_t *)str, strlen(str));
 80a0366:	68db      	ldr	r3, [r3, #12]
 80a0368:	4718      	bx	r3
    }
 80a036a:	bd70      	pop	{r4, r5, r6, pc}

080a036c <_ZN5Print5printEc>:
  return write(str);
}

size_t Print::print(char c)
{
  return write(c);
 80a036c:	6803      	ldr	r3, [r0, #0]
 80a036e:	689b      	ldr	r3, [r3, #8]
 80a0370:	4718      	bx	r3

080a0372 <_ZN5Print11printNumberEmh>:

size_t Print::printNumber(unsigned long n, uint8_t base) {
  char buf[8 * sizeof(n) + 1]; // Assumes 8-bit chars plus zero byte.
  char *str = &buf[sizeof(buf) - 1];

  *str = '\0';
 80a0372:	2300      	movs	r3, #0

  // prevent crash if called with base == 1
  if (base < 2) base = 10;
 80a0374:	2a01      	cmp	r2, #1
 80a0376:	bf98      	it	ls
 80a0378:	220a      	movls	r2, #10
size_t Print::printNumber(unsigned long n, uint8_t base) {
 80a037a:	b530      	push	{r4, r5, lr}
 80a037c:	b08b      	sub	sp, #44	; 0x2c
 80a037e:	460c      	mov	r4, r1
  *str = '\0';
 80a0380:	f88d 3024 	strb.w	r3, [sp, #36]	; 0x24
  if (base < 2) base = 10;
 80a0384:	a909      	add	r1, sp, #36	; 0x24

  do {
   decltype(n) m = n;
   n /= base;
 80a0386:	4625      	mov	r5, r4
 80a0388:	fbb4 f4f2 	udiv	r4, r4, r2
   char c = m - base * n;
 80a038c:	fb04 5312 	mls	r3, r4, r2, r5
 80a0390:	b2db      	uxtb	r3, r3
   *--str = c < 10 ? c + '0' : c + 'A' - 10;
 80a0392:	2b09      	cmp	r3, #9
 80a0394:	bf94      	ite	ls
 80a0396:	3330      	addls	r3, #48	; 0x30
 80a0398:	3337      	addhi	r3, #55	; 0x37
 80a039a:	b2db      	uxtb	r3, r3
  } while(n);
 80a039c:	42aa      	cmp	r2, r5
   *--str = c < 10 ? c + '0' : c + 'A' - 10;
 80a039e:	f801 3d01 	strb.w	r3, [r1, #-1]!
  } while(n);
 80a03a2:	d9f0      	bls.n	80a0386 <_ZN5Print11printNumberEmh+0x14>

  return write(str);
 80a03a4:	f7ff ffd2 	bl	80a034c <_ZN5Print5writeEPKc>
}
 80a03a8:	b00b      	add	sp, #44	; 0x2c
 80a03aa:	bd30      	pop	{r4, r5, pc}

080a03ac <_GLOBAL__sub_I__ZN5spark3LogE>:
    // This handler doesn't support direct logging
}

// spark::Logger
inline spark::Logger::Logger(const char *name) :
        name_(name) {
 80a03ac:	4b01      	ldr	r3, [pc, #4]	; (80a03b4 <_GLOBAL__sub_I__ZN5spark3LogE+0x8>)
 80a03ae:	4a02      	ldr	r2, [pc, #8]	; (80a03b8 <_GLOBAL__sub_I__ZN5spark3LogE+0xc>)
 80a03b0:	601a      	str	r2, [r3, #0]
#if Wiring_LogConfig

// spark::
void spark::logProcessControlRequest(ctrl_request* req) {
    JSONRequestHandler::process(req);
}
 80a03b2:	4770      	bx	lr
 80a03b4:	2000007c 	.word	0x2000007c
 80a03b8:	080a0bbc 	.word	0x080a0bbc

080a03bc <_GLOBAL__sub_I_TIME_FORMAT_DEFAULT>:
            calendar_time_cache = Convert_UnixTime_To_CalendarTime(unix_time);
            unix_time_cache = unix_time;
    }
}

const char* TimeClass::format_spec = TIME_FORMAT_DEFAULT;
 80a03bc:	4b02      	ldr	r3, [pc, #8]	; (80a03c8 <_GLOBAL__sub_I_TIME_FORMAT_DEFAULT+0xc>)
 80a03be:	681a      	ldr	r2, [r3, #0]
 80a03c0:	4b02      	ldr	r3, [pc, #8]	; (80a03cc <_GLOBAL__sub_I_TIME_FORMAT_DEFAULT+0x10>)
 80a03c2:	601a      	str	r2, [r3, #0]
{
  return isValid();
}


TimeClass Time;
 80a03c4:	4770      	bx	lr
 80a03c6:	bf00      	nop
 80a03c8:	20000000 	.word	0x20000000
 80a03cc:	20000080 	.word	0x20000080

080a03d0 <_GLOBAL__sub_I_RGB>:
	static void
	_M_init_functor(_Any_data& __functor, _Functor&& __f, false_type)
	{ __functor._M_access<_Functor*>() = new _Functor(std::move(__f)); }
      };

    _Function_base() : _M_manager(nullptr) { }
 80a03d0:	2200      	movs	r2, #0
 80a03d2:	4b01      	ldr	r3, [pc, #4]	; (80a03d8 <_GLOBAL__sub_I_RGB+0x8>)
 80a03d4:	609a      	str	r2, [r3, #8]
{
    RGBClass* const d = static_cast<RGBClass*>(data);
    if (d->changeHandler_) {
        d->changeHandler_(r, g, b);
    }
}
 80a03d6:	4770      	bx	lr
 80a03d8:	20000084 	.word	0x20000084

080a03dc <_ZZ21module_user_init_hookENUlP6_reentjmPvE_4_FUNES0_jmS1_>:

void module_user_init_hook()
{
#if HAL_PLATFORM_NEWLIB
    newlib_impure_ptr_callback([](struct _reent* r, size_t size, uint32_t version, void* ctx) -> void {
        _impure_ptr = r;
 80a03dc:	4b01      	ldr	r3, [pc, #4]	; (80a03e4 <_ZZ21module_user_init_hookENUlP6_reentjmPvE_4_FUNES0_jmS1_+0x8>)
 80a03de:	6018      	str	r0, [r3, #0]
    }, nullptr);
 80a03e0:	4770      	bx	lr
 80a03e2:	bf00      	nop
 80a03e4:	20000004 	.word	0x20000004

080a03e8 <serialEventRun>:
{
 80a03e8:	b508      	push	{r3, lr}
    if (serialEvent && Serial.available()>0)
 80a03ea:	4b13      	ldr	r3, [pc, #76]	; (80a0438 <serialEventRun+0x50>)
 80a03ec:	b143      	cbz	r3, 80a0400 <serialEventRun+0x18>
 80a03ee:	f000 f963 	bl	80a06b8 <_Z16_fetch_usbserialv>
 80a03f2:	6803      	ldr	r3, [r0, #0]
 80a03f4:	691b      	ldr	r3, [r3, #16]
 80a03f6:	4798      	blx	r3
 80a03f8:	2800      	cmp	r0, #0
 80a03fa:	dd01      	ble.n	80a0400 <serialEventRun+0x18>
        serialEvent();
 80a03fc:	f3af 8000 	nop.w
    if (serialEvent1 && Serial1.available()>0)
 80a0400:	4b0e      	ldr	r3, [pc, #56]	; (80a043c <serialEventRun+0x54>)
 80a0402:	b143      	cbz	r3, 80a0416 <serialEventRun+0x2e>
 80a0404:	f000 fae2 	bl	80a09cc <_Z22__fetch_global_Serial1v>
 80a0408:	6803      	ldr	r3, [r0, #0]
 80a040a:	691b      	ldr	r3, [r3, #16]
 80a040c:	4798      	blx	r3
 80a040e:	2800      	cmp	r0, #0
 80a0410:	dd01      	ble.n	80a0416 <serialEventRun+0x2e>
        serialEvent1();
 80a0412:	f3af 8000 	nop.w
    if (serialEventRun2) serialEventRun2();
 80a0416:	4b0a      	ldr	r3, [pc, #40]	; (80a0440 <serialEventRun+0x58>)
 80a0418:	b10b      	cbz	r3, 80a041e <serialEventRun+0x36>
 80a041a:	f3af 8000 	nop.w
    if (usbSerialEvent1 && USBSerial1.available()>0)
 80a041e:	4b09      	ldr	r3, [pc, #36]	; (80a0444 <serialEventRun+0x5c>)
 80a0420:	b143      	cbz	r3, 80a0434 <serialEventRun+0x4c>
 80a0422:	f000 f975 	bl	80a0710 <_Z17_fetch_usbserial1v>
 80a0426:	6803      	ldr	r3, [r0, #0]
 80a0428:	691b      	ldr	r3, [r3, #16]
 80a042a:	4798      	blx	r3
 80a042c:	2800      	cmp	r0, #0
 80a042e:	dd01      	ble.n	80a0434 <serialEventRun+0x4c>
        usbSerialEvent1();
 80a0430:	f3af 8000 	nop.w
}
 80a0434:	bd08      	pop	{r3, pc}
 80a0436:	bf00      	nop
	...

080a0448 <_post_loop>:
{
 80a0448:	b508      	push	{r3, lr}
	serialEventRun();
 80a044a:	f7ff ffcd 	bl	80a03e8 <serialEventRun>
		return !timeout_fn;
	}

	static inline system_tick_t current_time()
	{
		return HAL_Timer_Get_Milli_Seconds();
 80a044e:	f7ff fe39 	bl	80a00c4 <HAL_Timer_Get_Milli_Seconds>
	/**
	 * Lifesign that the application is still working normally.
	 */
	static void checkin()
	{
		last_checkin = current_time();
 80a0452:	4b01      	ldr	r3, [pc, #4]	; (80a0458 <_post_loop+0x10>)
 80a0454:	6018      	str	r0, [r3, #0]
}
 80a0456:	bd08      	pop	{r3, pc}
 80a0458:	200000f4 	.word	0x200000f4

080a045c <_Z33system_initialize_user_backup_ramv>:
    memcpy(&link_global_retained_start, &link_global_retained_initial_values, len);
 80a045c:	4805      	ldr	r0, [pc, #20]	; (80a0474 <_Z33system_initialize_user_backup_ramv+0x18>)
 80a045e:	4a06      	ldr	r2, [pc, #24]	; (80a0478 <_Z33system_initialize_user_backup_ramv+0x1c>)
{
 80a0460:	b508      	push	{r3, lr}
    memcpy(&link_global_retained_start, &link_global_retained_initial_values, len);
 80a0462:	1a12      	subs	r2, r2, r0
 80a0464:	4905      	ldr	r1, [pc, #20]	; (80a047c <_Z33system_initialize_user_backup_ramv+0x20>)
 80a0466:	f000 faeb 	bl	80a0a40 <memcpy>
    __backup_sram_signature = signature;
 80a046a:	4b05      	ldr	r3, [pc, #20]	; (80a0480 <_Z33system_initialize_user_backup_ramv+0x24>)
 80a046c:	4a05      	ldr	r2, [pc, #20]	; (80a0484 <_Z33system_initialize_user_backup_ramv+0x28>)
 80a046e:	601a      	str	r2, [r3, #0]
}
 80a0470:	bd08      	pop	{r3, pc}
 80a0472:	bf00      	nop
 80a0474:	40024000 	.word	0x40024000
 80a0478:	40024004 	.word	0x40024004
 80a047c:	080a0d80 	.word	0x080a0d80
 80a0480:	40024000 	.word	0x40024000
 80a0484:	9a271c1e 	.word	0x9a271c1e

080a0488 <_Z27ctrl_request_custom_handlerP12ctrl_request>:
    system_ctrl_set_result(req, SYSTEM_ERROR_NOT_SUPPORTED, nullptr, nullptr, nullptr);
 80a0488:	2300      	movs	r3, #0
void __attribute((weak)) ctrl_request_custom_handler(ctrl_request* req) {
 80a048a:	b507      	push	{r0, r1, r2, lr}
    system_ctrl_set_result(req, SYSTEM_ERROR_NOT_SUPPORTED, nullptr, nullptr, nullptr);
 80a048c:	461a      	mov	r2, r3
 80a048e:	f06f 0177 	mvn.w	r1, #119	; 0x77
 80a0492:	9300      	str	r3, [sp, #0]
 80a0494:	f7ff fea0 	bl	80a01d8 <system_ctrl_set_result>
}
 80a0498:	b003      	add	sp, #12
 80a049a:	f85d fb04 	ldr.w	pc, [sp], #4
	...

080a04a0 <_ZL20ctrl_request_handlerP12ctrl_request>:
static void ctrl_request_handler(ctrl_request* req) {
 80a04a0:	b507      	push	{r0, r1, r2, lr}
    switch (req->type) {
 80a04a2:	8843      	ldrh	r3, [r0, #2]
 80a04a4:	2b0a      	cmp	r3, #10
 80a04a6:	d008      	beq.n	80a04ba <_ZL20ctrl_request_handlerP12ctrl_request+0x1a>
 80a04a8:	2b50      	cmp	r3, #80	; 0x50
 80a04aa:	d10b      	bne.n	80a04c4 <_ZL20ctrl_request_handlerP12ctrl_request+0x24>
        if (log_process_ctrl_request_callback) {
 80a04ac:	4b09      	ldr	r3, [pc, #36]	; (80a04d4 <_ZL20ctrl_request_handlerP12ctrl_request+0x34>)
 80a04ae:	681b      	ldr	r3, [r3, #0]
 80a04b0:	b14b      	cbz	r3, 80a04c6 <_ZL20ctrl_request_handlerP12ctrl_request+0x26>
}
 80a04b2:	b003      	add	sp, #12
 80a04b4:	f85d eb04 	ldr.w	lr, [sp], #4
            log_process_ctrl_request_callback(req);
 80a04b8:	4718      	bx	r3
        ctrl_request_custom_handler(req);
 80a04ba:	f7ff ffe5 	bl	80a0488 <_Z27ctrl_request_custom_handlerP12ctrl_request>
}
 80a04be:	b003      	add	sp, #12
 80a04c0:	f85d fb04 	ldr.w	pc, [sp], #4
        system_ctrl_set_result(req, SYSTEM_ERROR_NOT_SUPPORTED, nullptr, nullptr, nullptr);
 80a04c4:	2300      	movs	r3, #0
 80a04c6:	461a      	mov	r2, r3
 80a04c8:	f06f 0177 	mvn.w	r1, #119	; 0x77
 80a04cc:	9300      	str	r3, [sp, #0]
 80a04ce:	f7ff fe83 	bl	80a01d8 <system_ctrl_set_result>
}
 80a04d2:	e7f4      	b.n	80a04be <_ZL20ctrl_request_handlerP12ctrl_request+0x1e>
 80a04d4:	20000098 	.word	0x20000098

080a04d8 <module_user_init_hook>:
    newlib_impure_ptr_callback([](struct _reent* r, size_t size, uint32_t version, void* ctx) -> void {
 80a04d8:	2100      	movs	r1, #0
{
 80a04da:	b510      	push	{r4, lr}
    newlib_impure_ptr_callback([](struct _reent* r, size_t size, uint32_t version, void* ctx) -> void {
 80a04dc:	4811      	ldr	r0, [pc, #68]	; (80a0524 <module_user_init_hook+0x4c>)
 80a04de:	f7ff ff05 	bl	80a02ec <newlib_impure_ptr_callback>
#endif // HAL_PLATFORM_NEWLIB

#if HAL_PLATFORM_BACKUP_RAM
    backup_ram_was_valid_ = __backup_sram_signature == signature;
 80a04e2:	4b11      	ldr	r3, [pc, #68]	; (80a0528 <module_user_init_hook+0x50>)
 80a04e4:	681a      	ldr	r2, [r3, #0]
 80a04e6:	4b11      	ldr	r3, [pc, #68]	; (80a052c <module_user_init_hook+0x54>)
 80a04e8:	429a      	cmp	r2, r3
 80a04ea:	bf0c      	ite	eq
 80a04ec:	2201      	moveq	r2, #1
 80a04ee:	2200      	movne	r2, #0
 80a04f0:	4b0f      	ldr	r3, [pc, #60]	; (80a0530 <module_user_init_hook+0x58>)
 80a04f2:	701a      	strb	r2, [r3, #0]
    if (!backup_ram_was_valid_) {
 80a04f4:	d001      	beq.n	80a04fa <module_user_init_hook+0x22>
        system_initialize_user_backup_ram();
 80a04f6:	f7ff ffb1 	bl	80a045c <_Z33system_initialize_user_backup_ramv>
    }
#endif

#if HAL_PLATFORM_RNG
    // Initialize the default stdlib PRNG using hardware RNG as a seed
    const uint32_t seed = HAL_RNG_GetRandomNumber();
 80a04fa:	f7ff fddb 	bl	80a00b4 <HAL_RNG_GetRandomNumber>
 80a04fe:	4604      	mov	r4, r0
    srand(seed);
 80a0500:	f000 fab4 	bl	80a0a6c <srand>

    // If the user defines random_seed_from_cloud, call it with a seed value
    // generated by a hardware RNG as well.
    if (random_seed_from_cloud) {
 80a0504:	4b0b      	ldr	r3, [pc, #44]	; (80a0534 <module_user_init_hook+0x5c>)
 80a0506:	b113      	cbz	r3, 80a050e <module_user_init_hook+0x36>
        random_seed_from_cloud(seed);
 80a0508:	4620      	mov	r0, r4
 80a050a:	f3af 8000 	nop.w
    }
#endif
    // Register the random_seed_from_cloud handler
    spark_set_random_seed_from_cloud_handler(&random_seed_from_cloud, nullptr);
 80a050e:	2100      	movs	r1, #0
 80a0510:	4808      	ldr	r0, [pc, #32]	; (80a0534 <module_user_init_hook+0x5c>)
 80a0512:	f7ff fecb 	bl	80a02ac <spark_set_random_seed_from_cloud_handler>

    // Register application handler for the control requests
    system_ctrl_set_app_request_handler(ctrl_request_handler, nullptr);
}
 80a0516:	e8bd 4010 	ldmia.w	sp!, {r4, lr}
    system_ctrl_set_app_request_handler(ctrl_request_handler, nullptr);
 80a051a:	2100      	movs	r1, #0
 80a051c:	4806      	ldr	r0, [pc, #24]	; (80a0538 <module_user_init_hook+0x60>)
 80a051e:	f7ff be51 	b.w	80a01c4 <system_ctrl_set_app_request_handler>
 80a0522:	bf00      	nop
 80a0524:	080a03dd 	.word	0x080a03dd
 80a0528:	40024000 	.word	0x40024000
 80a052c:	9a271c1e 	.word	0x9a271c1e
 80a0530:	20000094 	.word	0x20000094
 80a0534:	00000000 	.word	0x00000000
 80a0538:	080a04a1 	.word	0x080a04a1

080a053c <_ZN9IPAddressD1Ev>:
    IPAddress(uint32_t address);
    // 4 bytes defining the IP address in network order
    IPAddress(const uint8_t* address);
    IPAddress(const HAL_IPAddress& address);

    virtual ~IPAddress() {}
 80a053c:	4770      	bx	lr

080a053e <_ZNK9IPAddress7printToER5Print>:
#endif // Wiring_IPv6
	return address.ipv4==that.address.ipv4;
}

size_t IPAddress::printTo(Print& p) const
{
 80a053e:	b5f8      	push	{r3, r4, r5, r6, r7, lr}
 80a0540:	460e      	mov	r6, r1
 80a0542:	2400      	movs	r4, #0
 80a0544:	f100 0708 	add.w	r7, r0, #8
 80a0548:	1d05      	adds	r5, r0, #4
            val = n;
        }
#if __GNUC__ >= 9
#pragma GCC diagnostic pop
#endif // __GNUC__ >= 9
        return printNumber(val, base) + t;
 80a054a:	f817 1d01 	ldrb.w	r1, [r7, #-1]!
 80a054e:	220a      	movs	r2, #10
 80a0550:	4630      	mov	r0, r6
 80a0552:	f7ff ff0e 	bl	80a0372 <_ZN5Print11printNumberEmh>
#else
#pragma message "HAL_USE_INET_HAL_POSIX is required for IPv6 support in IPAddress::printTo()"
#endif // HAL_USE_INET_HAL_POSIX
#endif // Wiring_IPv6
    size_t n = 0;
    for (int i = 0; i < 4; i++)
 80a0556:	42af      	cmp	r7, r5
    {
        if (n)
            n += p.print('.');
        n += p.print((*this)[i], DEC);
 80a0558:	4404      	add	r4, r0
    for (int i = 0; i < 4; i++)
 80a055a:	d101      	bne.n	80a0560 <_ZNK9IPAddress7printToER5Print+0x22>
    }
    return n;
}
 80a055c:	4620      	mov	r0, r4
 80a055e:	bdf8      	pop	{r3, r4, r5, r6, r7, pc}
        if (n)
 80a0560:	2c00      	cmp	r4, #0
 80a0562:	d0f2      	beq.n	80a054a <_ZNK9IPAddress7printToER5Print+0xc>
            n += p.print('.');
 80a0564:	212e      	movs	r1, #46	; 0x2e
 80a0566:	4630      	mov	r0, r6
 80a0568:	f7ff ff00 	bl	80a036c <_ZN5Print5printEc>
 80a056c:	4404      	add	r4, r0
 80a056e:	e7ec      	b.n	80a054a <_ZNK9IPAddress7printToER5Print+0xc>

080a0570 <_ZN9IPAddressD0Ev>:
 80a0570:	b510      	push	{r4, lr}
 80a0572:	4604      	mov	r4, r0
 80a0574:	2118      	movs	r1, #24
 80a0576:	f7ff fd90 	bl	80a009a <_ZdlPvj>
 80a057a:	4620      	mov	r0, r4
 80a057c:	bd10      	pop	{r4, pc}
	...

080a0580 <_ZN9IPAddressC1Ev>:
IPAddress::IPAddress()
 80a0580:	b510      	push	{r4, lr}
 80a0582:	4604      	mov	r4, r0
 80a0584:	4b04      	ldr	r3, [pc, #16]	; (80a0598 <_ZN9IPAddressC1Ev+0x18>)
        return address;
    }

    virtual size_t printTo(Print& p) const;

    void clear() { memset(&address, 0, sizeof (address)); }
 80a0586:	2211      	movs	r2, #17
 80a0588:	2100      	movs	r1, #0
 80a058a:	f840 3b04 	str.w	r3, [r0], #4
 80a058e:	f000 fa65 	bl	80a0a5c <memset>
}
 80a0592:	4620      	mov	r0, r4
 80a0594:	bd10      	pop	{r4, pc}
 80a0596:	bf00      	nop
 80a0598:	080a0be4 	.word	0x080a0be4

080a059c <_ZN9IPAddressC1ERK16_HAL_IPAddress_t>:
IPAddress::IPAddress(const HAL_IPAddress& address)
 80a059c:	4603      	mov	r3, r0
 80a059e:	4a07      	ldr	r2, [pc, #28]	; (80a05bc <_ZN9IPAddressC1ERK16_HAL_IPAddress_t+0x20>)
 80a05a0:	b510      	push	{r4, lr}
 80a05a2:	f843 2b04 	str.w	r2, [r3], #4
    memcpy(&this->address, &address, sizeof(address));
 80a05a6:	f101 0210 	add.w	r2, r1, #16
 80a05aa:	f851 4b04 	ldr.w	r4, [r1], #4
 80a05ae:	4291      	cmp	r1, r2
 80a05b0:	f843 4b04 	str.w	r4, [r3], #4
 80a05b4:	d1f9      	bne.n	80a05aa <_ZN9IPAddressC1ERK16_HAL_IPAddress_t+0xe>
 80a05b6:	780a      	ldrb	r2, [r1, #0]
 80a05b8:	701a      	strb	r2, [r3, #0]
}
 80a05ba:	bd10      	pop	{r4, pc}
 80a05bc:	080a0be4 	.word	0x080a0be4

080a05c0 <_ZN9IPAddressC1Em>:
IPAddress::IPAddress(uint32_t addr)
 80a05c0:	4a02      	ldr	r2, [pc, #8]	; (80a05cc <_ZN9IPAddressC1Em+0xc>)
    address.ipv4 = addr;
 80a05c2:	e9c0 2100 	strd	r2, r1, [r0]
        address.v = version;
 80a05c6:	2204      	movs	r2, #4
 80a05c8:	7502      	strb	r2, [r0, #20]
}
 80a05ca:	4770      	bx	lr
 80a05cc:	080a0be4 	.word	0x080a0be4

080a05d0 <_ZN9IPAddress8set_ipv4Ehhhh>:
{
 80a05d0:	b510      	push	{r4, lr}
    address.ipv4 = b0<<24 | b1 << 16 | b2 << 8 | b3;
 80a05d2:	f89d 4008 	ldrb.w	r4, [sp, #8]
 80a05d6:	ea44 2403 	orr.w	r4, r4, r3, lsl #8
 80a05da:	2304      	movs	r3, #4
 80a05dc:	ea44 4402 	orr.w	r4, r4, r2, lsl #16
 80a05e0:	ea44 6401 	orr.w	r4, r4, r1, lsl #24
 80a05e4:	6044      	str	r4, [r0, #4]
 80a05e6:	7503      	strb	r3, [r0, #20]
}
 80a05e8:	bd10      	pop	{r4, pc}
	...

080a05ec <_ZN9IPAddressC1Ehhhh>:
IPAddress::IPAddress(uint8_t first_octet, uint8_t second_octet, uint8_t third_octet, uint8_t fourth_octet)
 80a05ec:	b513      	push	{r0, r1, r4, lr}
 80a05ee:	4c04      	ldr	r4, [pc, #16]	; (80a0600 <_ZN9IPAddressC1Ehhhh+0x14>)
 80a05f0:	6004      	str	r4, [r0, #0]
    set_ipv4(first_octet, second_octet, third_octet, fourth_octet);
 80a05f2:	f89d 4010 	ldrb.w	r4, [sp, #16]
 80a05f6:	9400      	str	r4, [sp, #0]
 80a05f8:	f7ff ffea 	bl	80a05d0 <_ZN9IPAddress8set_ipv4Ehhhh>
}
 80a05fc:	b002      	add	sp, #8
 80a05fe:	bd10      	pop	{r4, pc}
 80a0600:	080a0be4 	.word	0x080a0be4

080a0604 <_ZN9USBSerial14blockOnOverrunEb>:
  HAL_USB_USART_Flush_Data(_serial);
}

void USBSerial::blockOnOverrun(bool block)
{
  _blocking = block;
 80a0604:	7441      	strb	r1, [r0, #17]
}
 80a0606:	4770      	bx	lr

080a0608 <__tcf_0>:
}

USBSerial& _fetch_usbserial()
{
  HAL_USB_USART_Config conf = acquireSerialBuffer();
	static USBSerial _usbserial(HAL_USB_USART_SERIAL, conf);
 80a0608:	4770      	bx	lr

080a060a <_ZN9USBSerialD1Ev>:
#include "usb_hal.h"
#include "system_task.h"
#include "spark_wiring_startup.h"
#include "concurrent_hal.h"

class USBSerial : public Stream
 80a060a:	4770      	bx	lr

080a060c <_ZN9USBSerial4readEv>:
{
 80a060c:	b508      	push	{r3, lr}
	return std::max(-1, (int)HAL_USB_USART_Receive_Data(_serial, false));
 80a060e:	2100      	movs	r1, #0
 80a0610:	7c00      	ldrb	r0, [r0, #16]
 80a0612:	f7ff fdaf 	bl	80a0174 <HAL_USB_USART_Receive_Data>
}
 80a0616:	ea40 70e0 	orr.w	r0, r0, r0, asr #31
 80a061a:	bd08      	pop	{r3, pc}

080a061c <_ZN9USBSerial4peekEv>:
{
 80a061c:	b508      	push	{r3, lr}
	return std::max(-1, (int)HAL_USB_USART_Receive_Data(_serial, true));
 80a061e:	2101      	movs	r1, #1
 80a0620:	7c00      	ldrb	r0, [r0, #16]
 80a0622:	f7ff fda7 	bl	80a0174 <HAL_USB_USART_Receive_Data>
}
 80a0626:	ea40 70e0 	orr.w	r0, r0, r0, asr #31
 80a062a:	bd08      	pop	{r3, pc}

080a062c <_ZN9USBSerial17availableForWriteEv>:
{
 80a062c:	b508      	push	{r3, lr}
  return std::max(0, (int)HAL_USB_USART_Available_Data_For_Write(_serial));
 80a062e:	7c00      	ldrb	r0, [r0, #16]
 80a0630:	f7ff fd98 	bl	80a0164 <HAL_USB_USART_Available_Data_For_Write>
}
 80a0634:	ea20 70e0 	bic.w	r0, r0, r0, asr #31
 80a0638:	bd08      	pop	{r3, pc}

080a063a <_ZN9USBSerial9availableEv>:
{
 80a063a:	b508      	push	{r3, lr}
	return std::max(0, (int)HAL_USB_USART_Available_Data(_serial));
 80a063c:	7c00      	ldrb	r0, [r0, #16]
 80a063e:	f7ff fd89 	bl	80a0154 <HAL_USB_USART_Available_Data>
}
 80a0642:	ea20 70e0 	bic.w	r0, r0, r0, asr #31
 80a0646:	bd08      	pop	{r3, pc}

080a0648 <_ZN9USBSerial5writeEh>:
{
 80a0648:	b538      	push	{r3, r4, r5, lr}
 80a064a:	4604      	mov	r4, r0
  if (HAL_USB_USART_Available_Data_For_Write(_serial) > 0 || _blocking) {
 80a064c:	7c00      	ldrb	r0, [r0, #16]
{
 80a064e:	460d      	mov	r5, r1
  if (HAL_USB_USART_Available_Data_For_Write(_serial) > 0 || _blocking) {
 80a0650:	f7ff fd88 	bl	80a0164 <HAL_USB_USART_Available_Data_For_Write>
 80a0654:	2800      	cmp	r0, #0
 80a0656:	dc01      	bgt.n	80a065c <_ZN9USBSerial5writeEh+0x14>
 80a0658:	7c60      	ldrb	r0, [r4, #17]
 80a065a:	b128      	cbz	r0, 80a0668 <_ZN9USBSerial5writeEh+0x20>
    return std::max(0, (int)HAL_USB_USART_Send_Data(_serial, byte));
 80a065c:	4629      	mov	r1, r5
 80a065e:	7c20      	ldrb	r0, [r4, #16]
 80a0660:	f7ff fd90 	bl	80a0184 <HAL_USB_USART_Send_Data>
 80a0664:	ea20 70e0 	bic.w	r0, r0, r0, asr #31
}
 80a0668:	bd38      	pop	{r3, r4, r5, pc}

080a066a <_ZN9USBSerial5flushEv>:
  HAL_USB_USART_Flush_Data(_serial);
 80a066a:	7c00      	ldrb	r0, [r0, #16]
 80a066c:	f7ff bd92 	b.w	80a0194 <HAL_USB_USART_Flush_Data>

080a0670 <_ZN9USBSerialD0Ev>:
 80a0670:	b510      	push	{r4, lr}
 80a0672:	4604      	mov	r4, r0
 80a0674:	2114      	movs	r1, #20
 80a0676:	f7ff fd10 	bl	80a009a <_ZdlPvj>
 80a067a:	4620      	mov	r0, r4
 80a067c:	bd10      	pop	{r4, pc}

080a067e <__tcf_1>:
 80a067e:	4770      	bx	lr

080a0680 <_ZN9USBSerialC1E20HAL_USB_USART_SerialRK20HAL_USB_USART_Config>:
USBSerial::USBSerial(HAL_USB_USART_Serial serial, const HAL_USB_USART_Config& conf)
 80a0680:	b510      	push	{r4, lr}
    virtual int available() = 0;
    virtual int read() = 0;
    virtual int peek() = 0;
    virtual void flush() = 0;

    Stream() {_timeout=1000;}
 80a0682:	f44f 737a 	mov.w	r3, #1000	; 0x3e8
 80a0686:	4604      	mov	r4, r0
 80a0688:	4608      	mov	r0, r1
 80a068a:	2100      	movs	r1, #0
 80a068c:	e9c4 1301 	strd	r1, r3, [r4, #4]
 80a0690:	4b04      	ldr	r3, [pc, #16]	; (80a06a4 <_ZN9USBSerialC1E20HAL_USB_USART_SerialRK20HAL_USB_USART_Config+0x24>)
  _serial = serial;
 80a0692:	7420      	strb	r0, [r4, #16]
USBSerial::USBSerial(HAL_USB_USART_Serial serial, const HAL_USB_USART_Config& conf)
 80a0694:	6023      	str	r3, [r4, #0]
  _blocking = true;
 80a0696:	2301      	movs	r3, #1
  HAL_USB_USART_Init(_serial, &conf);
 80a0698:	4611      	mov	r1, r2
  _blocking = true;
 80a069a:	7463      	strb	r3, [r4, #17]
  HAL_USB_USART_Init(_serial, &conf);
 80a069c:	f7ff fd52 	bl	80a0144 <HAL_USB_USART_Init>
}
 80a06a0:	4620      	mov	r0, r4
 80a06a2:	bd10      	pop	{r4, pc}
 80a06a4:	080a0bf8 	.word	0x080a0bf8

080a06a8 <_Z19acquireSerialBufferv>:
{
 80a06a8:	b510      	push	{r4, lr}
 80a06aa:	4604      	mov	r4, r0
  HAL_USB_USART_Config conf = {};
 80a06ac:	2214      	movs	r2, #20
 80a06ae:	2100      	movs	r1, #0
 80a06b0:	f000 f9d4 	bl	80a0a5c <memset>
}
 80a06b4:	4620      	mov	r0, r4
 80a06b6:	bd10      	pop	{r4, pc}

080a06b8 <_Z16_fetch_usbserialv>:
{
 80a06b8:	b530      	push	{r4, r5, lr}
	static USBSerial _usbserial(HAL_USB_USART_SERIAL, conf);
 80a06ba:	4d0e      	ldr	r5, [pc, #56]	; (80a06f4 <_Z16_fetch_usbserialv+0x3c>)
{
 80a06bc:	b087      	sub	sp, #28
  HAL_USB_USART_Config conf = acquireSerialBuffer();
 80a06be:	a801      	add	r0, sp, #4
 80a06c0:	f7ff fff2 	bl	80a06a8 <_Z19acquireSerialBufferv>
	static USBSerial _usbserial(HAL_USB_USART_SERIAL, conf);
 80a06c4:	7829      	ldrb	r1, [r5, #0]
 80a06c6:	f3bf 8f5b 	dmb	ish
 80a06ca:	f011 0401 	ands.w	r4, r1, #1
 80a06ce:	d10e      	bne.n	80a06ee <_Z16_fetch_usbserialv+0x36>
 80a06d0:	4628      	mov	r0, r5
 80a06d2:	f7ff fce4 	bl	80a009e <__cxa_guard_acquire>
 80a06d6:	b150      	cbz	r0, 80a06ee <_Z16_fetch_usbserialv+0x36>
 80a06d8:	4621      	mov	r1, r4
 80a06da:	aa01      	add	r2, sp, #4
 80a06dc:	4806      	ldr	r0, [pc, #24]	; (80a06f8 <_Z16_fetch_usbserialv+0x40>)
 80a06de:	f7ff ffcf 	bl	80a0680 <_ZN9USBSerialC1E20HAL_USB_USART_SerialRK20HAL_USB_USART_Config>
 80a06e2:	4628      	mov	r0, r5
 80a06e4:	f7ff fce0 	bl	80a00a8 <__cxa_guard_release>
 80a06e8:	4804      	ldr	r0, [pc, #16]	; (80a06fc <_Z16_fetch_usbserialv+0x44>)
 80a06ea:	f000 f9a3 	bl	80a0a34 <atexit>
	return _usbserial;
}
 80a06ee:	4802      	ldr	r0, [pc, #8]	; (80a06f8 <_Z16_fetch_usbserialv+0x40>)
 80a06f0:	b007      	add	sp, #28
 80a06f2:	bd30      	pop	{r4, r5, pc}
 80a06f4:	2000009c 	.word	0x2000009c
 80a06f8:	200000a4 	.word	0x200000a4
 80a06fc:	080a0609 	.word	0x080a0609

080a0700 <_Z23acquireUSBSerial1Bufferv>:
 80a0700:	b510      	push	{r4, lr}
 80a0702:	4604      	mov	r4, r0
 80a0704:	2214      	movs	r2, #20
 80a0706:	2100      	movs	r1, #0
 80a0708:	f000 f9a8 	bl	80a0a5c <memset>
 80a070c:	4620      	mov	r0, r4
 80a070e:	bd10      	pop	{r4, pc}

080a0710 <_Z17_fetch_usbserial1v>:

  return conf;
}

USBSerial& _fetch_usbserial1()
{
 80a0710:	b510      	push	{r4, lr}
  HAL_USB_USART_Config conf = acquireUSBSerial1Buffer();
  static USBSerial _usbserial1(HAL_USB_USART_SERIAL1, conf);
 80a0712:	4c0e      	ldr	r4, [pc, #56]	; (80a074c <_Z17_fetch_usbserial1v+0x3c>)
{
 80a0714:	b086      	sub	sp, #24
  HAL_USB_USART_Config conf = acquireUSBSerial1Buffer();
 80a0716:	a801      	add	r0, sp, #4
 80a0718:	f7ff fff2 	bl	80a0700 <_Z23acquireUSBSerial1Bufferv>
  static USBSerial _usbserial1(HAL_USB_USART_SERIAL1, conf);
 80a071c:	7823      	ldrb	r3, [r4, #0]
 80a071e:	f3bf 8f5b 	dmb	ish
 80a0722:	07db      	lsls	r3, r3, #31
 80a0724:	d40e      	bmi.n	80a0744 <_Z17_fetch_usbserial1v+0x34>
 80a0726:	4620      	mov	r0, r4
 80a0728:	f7ff fcb9 	bl	80a009e <__cxa_guard_acquire>
 80a072c:	b150      	cbz	r0, 80a0744 <_Z17_fetch_usbserial1v+0x34>
 80a072e:	2101      	movs	r1, #1
 80a0730:	aa01      	add	r2, sp, #4
 80a0732:	4807      	ldr	r0, [pc, #28]	; (80a0750 <_Z17_fetch_usbserial1v+0x40>)
 80a0734:	f7ff ffa4 	bl	80a0680 <_ZN9USBSerialC1E20HAL_USB_USART_SerialRK20HAL_USB_USART_Config>
 80a0738:	4620      	mov	r0, r4
 80a073a:	f7ff fcb5 	bl	80a00a8 <__cxa_guard_release>
 80a073e:	4805      	ldr	r0, [pc, #20]	; (80a0754 <_Z17_fetch_usbserial1v+0x44>)
 80a0740:	f000 f978 	bl	80a0a34 <atexit>
  return _usbserial1;
}
 80a0744:	4802      	ldr	r0, [pc, #8]	; (80a0750 <_Z17_fetch_usbserial1v+0x40>)
 80a0746:	b006      	add	sp, #24
 80a0748:	bd10      	pop	{r4, pc}
 80a074a:	bf00      	nop
 80a074c:	200000a0 	.word	0x200000a0
 80a0750:	200000b8 	.word	0x200000b8
 80a0754:	080a067f 	.word	0x080a067f

080a0758 <_ZN11USARTSerialD1Ev>:
private:
  hal_usart_interface_t _serial;
  bool _blocking;
public:
  USARTSerial(hal_usart_interface_t serial, const hal_usart_buffer_config_t& config);
  virtual ~USARTSerial() {};
 80a0758:	4770      	bx	lr

080a075a <_ZN11USARTSerial14blockOnOverrunEb>:
    hal_usart_half_duplex(_serial, Enable);
}

void USARTSerial::blockOnOverrun(bool block)
{
  _blocking = block;
 80a075a:	7441      	strb	r1, [r0, #17]
}
 80a075c:	4770      	bx	lr

080a075e <_ZN11USARTSerial17availableForWriteEv>:


int USARTSerial::availableForWrite(void)
{
 80a075e:	b508      	push	{r3, lr}
  return std::max(0, (int)hal_usart_available_data_for_write(_serial));
 80a0760:	7c00      	ldrb	r0, [r0, #16]
 80a0762:	f7ff fcdf 	bl	80a0124 <hal_usart_available_data_for_write>
}
 80a0766:	ea20 70e0 	bic.w	r0, r0, r0, asr #31
 80a076a:	bd08      	pop	{r3, pc}

080a076c <_ZN11USARTSerial9availableEv>:

int USARTSerial::available(void)
{
 80a076c:	b508      	push	{r3, lr}
  return std::max(0, (int)hal_usart_available(_serial));
 80a076e:	7c00      	ldrb	r0, [r0, #16]
 80a0770:	f7ff fcb8 	bl	80a00e4 <hal_usart_available>
}
 80a0774:	ea20 70e0 	bic.w	r0, r0, r0, asr #31
 80a0778:	bd08      	pop	{r3, pc}

080a077a <_ZN11USARTSerial4peekEv>:

int USARTSerial::peek(void)
{
 80a077a:	b508      	push	{r3, lr}
  return std::max(-1, (int)hal_usart_peek(_serial));
 80a077c:	7c00      	ldrb	r0, [r0, #16]
 80a077e:	f7ff fcc1 	bl	80a0104 <hal_usart_peek>
}
 80a0782:	ea40 70e0 	orr.w	r0, r0, r0, asr #31
 80a0786:	bd08      	pop	{r3, pc}

080a0788 <_ZN11USARTSerial4readEv>:

int USARTSerial::read(void)
{
 80a0788:	b508      	push	{r3, lr}
  return std::max(-1, (int)hal_usart_read(_serial));
 80a078a:	7c00      	ldrb	r0, [r0, #16]
 80a078c:	f7ff fcb2 	bl	80a00f4 <hal_usart_read>
}
 80a0790:	ea40 70e0 	orr.w	r0, r0, r0, asr #31
 80a0794:	bd08      	pop	{r3, pc}

080a0796 <_ZN11USARTSerial5flushEv>:

void USARTSerial::flush()
{
  hal_usart_flush(_serial);
 80a0796:	7c00      	ldrb	r0, [r0, #16]
 80a0798:	f7ff bcbc 	b.w	80a0114 <hal_usart_flush>

080a079c <_ZN11USARTSerial5writeEh>:
}

size_t USARTSerial::write(uint8_t c)
{
 80a079c:	b570      	push	{r4, r5, r6, lr}
  // attempt a write if blocking, or for non-blocking if there is room.
  if (_blocking || hal_usart_available_data_for_write(_serial) > 0) {
 80a079e:	7c46      	ldrb	r6, [r0, #17]
{
 80a07a0:	4604      	mov	r4, r0
 80a07a2:	460d      	mov	r5, r1
  if (_blocking || hal_usart_available_data_for_write(_serial) > 0) {
 80a07a4:	b12e      	cbz	r6, 80a07b2 <_ZN11USARTSerial5writeEh+0x16>
    // the HAL always blocks.
	  return hal_usart_write(_serial, c);
 80a07a6:	4629      	mov	r1, r5
 80a07a8:	7c20      	ldrb	r0, [r4, #16]
  }
  return 0;
}
 80a07aa:	e8bd 4070 	ldmia.w	sp!, {r4, r5, r6, lr}
	  return hal_usart_write(_serial, c);
 80a07ae:	f7ff bc91 	b.w	80a00d4 <hal_usart_write>
  if (_blocking || hal_usart_available_data_for_write(_serial) > 0) {
 80a07b2:	7c00      	ldrb	r0, [r0, #16]
 80a07b4:	f7ff fcb6 	bl	80a0124 <hal_usart_available_data_for_write>
 80a07b8:	2800      	cmp	r0, #0
 80a07ba:	dcf4      	bgt.n	80a07a6 <_ZN11USARTSerial5writeEh+0xa>
}
 80a07bc:	4630      	mov	r0, r6
 80a07be:	bd70      	pop	{r4, r5, r6, pc}

080a07c0 <_ZN11USARTSerialD0Ev>:
 80a07c0:	b510      	push	{r4, lr}
 80a07c2:	4604      	mov	r4, r0
 80a07c4:	2114      	movs	r1, #20
 80a07c6:	f7ff fc68 	bl	80a009a <_ZdlPvj>
 80a07ca:	4620      	mov	r0, r4
 80a07cc:	bd10      	pop	{r4, pc}
	...

080a07d0 <_ZN11USARTSerialC1E21hal_usart_interface_tRK25hal_usart_buffer_config_t>:
USARTSerial::USARTSerial(hal_usart_interface_t serial, const hal_usart_buffer_config_t& config)
 80a07d0:	b510      	push	{r4, lr}
 80a07d2:	f44f 737a 	mov.w	r3, #1000	; 0x3e8
 80a07d6:	4604      	mov	r4, r0
 80a07d8:	4608      	mov	r0, r1
 80a07da:	4611      	mov	r1, r2
 80a07dc:	2200      	movs	r2, #0
 80a07de:	e9c4 2301 	strd	r2, r3, [r4, #4]
 80a07e2:	4b04      	ldr	r3, [pc, #16]	; (80a07f4 <_ZN11USARTSerialC1E21hal_usart_interface_tRK25hal_usart_buffer_config_t+0x24>)
  _serial = serial;
 80a07e4:	7420      	strb	r0, [r4, #16]
USARTSerial::USARTSerial(hal_usart_interface_t serial, const hal_usart_buffer_config_t& config)
 80a07e6:	6023      	str	r3, [r4, #0]
  _blocking = true;
 80a07e8:	2301      	movs	r3, #1
 80a07ea:	7463      	strb	r3, [r4, #17]
  hal_usart_init_ex(serial, &config, nullptr);
 80a07ec:	f7ff fca2 	bl	80a0134 <hal_usart_init_ex>
}
 80a07f0:	4620      	mov	r0, r4
 80a07f2:	bd10      	pop	{r4, pc}
 80a07f4:	080a0c28 	.word	0x080a0c28

080a07f8 <_ZN5spark9WiFiClass5readyEv>:
    bool connecting(void) {
        return network_connecting(*this, 0, NULL);
    }

    bool ready(void) {
        return network_ready(*this, 0, NULL);
 80a07f8:	2200      	movs	r2, #0
 80a07fa:	6840      	ldr	r0, [r0, #4]
 80a07fc:	4611      	mov	r1, r2
 80a07fe:	f7ff bd0d 	b.w	80a021c <network_ready>

080a0802 <_ZN5spark9WiFiClass7resolveEPKc>:
    bool clearCredentials(void) {
        return network_clear_credentials(*this, 0, NULL, NULL);
    }

#if !HAL_USE_INET_HAL_POSIX
    IPAddress resolve(const char* name)
 80a0802:	b5f0      	push	{r4, r5, r6, r7, lr}
 80a0804:	4615      	mov	r5, r2
 80a0806:	b089      	sub	sp, #36	; 0x24
    {
        HAL_IPAddress ip = {};
 80a0808:	2211      	movs	r2, #17
    IPAddress resolve(const char* name)
 80a080a:	460e      	mov	r6, r1
 80a080c:	4604      	mov	r4, r0
        HAL_IPAddress ip = {};
 80a080e:	2100      	movs	r1, #0
 80a0810:	a803      	add	r0, sp, #12
 80a0812:	f000 f923 	bl	80a0a5c <memset>
        return (inet_gethostbyname(name, strlen(name), &ip, *this, NULL) != 0) ?
 80a0816:	4628      	mov	r0, r5
 80a0818:	f000 f956 	bl	80a0ac8 <strlen>
 80a081c:	2700      	movs	r7, #0
 80a081e:	b281      	uxth	r1, r0
 80a0820:	6873      	ldr	r3, [r6, #4]
 80a0822:	4628      	mov	r0, r5
 80a0824:	9700      	str	r7, [sp, #0]
 80a0826:	aa03      	add	r2, sp, #12
 80a0828:	f7ff fcbc 	bl	80a01a4 <inet_gethostbyname>
                IPAddress(uint32_t(0)) : IPAddress(ip);
 80a082c:	b130      	cbz	r0, 80a083c <_ZN5spark9WiFiClass7resolveEPKc+0x3a>
 80a082e:	4639      	mov	r1, r7
 80a0830:	4620      	mov	r0, r4
 80a0832:	f7ff fec5 	bl	80a05c0 <_ZN9IPAddressC1Em>
    }
 80a0836:	4620      	mov	r0, r4
 80a0838:	b009      	add	sp, #36	; 0x24
 80a083a:	bdf0      	pop	{r4, r5, r6, r7, pc}
                IPAddress(uint32_t(0)) : IPAddress(ip);
 80a083c:	4620      	mov	r0, r4
 80a083e:	a903      	add	r1, sp, #12
 80a0840:	f7ff feac 	bl	80a059c <_ZN9IPAddressC1ERK16_HAL_IPAddress_t>
 80a0844:	e7f7      	b.n	80a0836 <_ZN5spark9WiFiClass7resolveEPKc+0x34>

080a0846 <_ZN5spark9WiFiClass9listeningEv>:
        return network_listening(*this, 0, NULL);
 80a0846:	2200      	movs	r2, #0
 80a0848:	6840      	ldr	r0, [r0, #4]
 80a084a:	4611      	mov	r1, r2
 80a084c:	f7ff bd06 	b.w	80a025c <network_listening>

080a0850 <_ZN5spark9WiFiClass16getListenTimeoutEv>:
        return network_get_listen_timeout(*this, 0, NULL);
 80a0850:	2200      	movs	r2, #0
 80a0852:	6840      	ldr	r0, [r0, #4]
 80a0854:	4611      	mov	r1, r2
 80a0856:	f7ff bd11 	b.w	80a027c <network_get_listen_timeout>

080a085a <_ZN5spark9WiFiClass16setListenTimeoutEt>:
        network_set_listen_timeout(*this, timeout, NULL);
 80a085a:	2200      	movs	r2, #0
 80a085c:	6840      	ldr	r0, [r0, #4]
 80a085e:	f7ff bd05 	b.w	80a026c <network_set_listen_timeout>

080a0862 <_ZN5spark9WiFiClass6listenEb>:
        network_listen(*this, begin ? 0 : 1, NULL);
 80a0862:	2200      	movs	r2, #0
 80a0864:	6840      	ldr	r0, [r0, #4]
 80a0866:	f081 0101 	eor.w	r1, r1, #1
 80a086a:	f7ff bcef 	b.w	80a024c <network_listen>

080a086e <_ZN5spark9WiFiClass3offEv>:
        network_off(*this, 0, 0, NULL);
 80a086e:	2300      	movs	r3, #0
 80a0870:	6840      	ldr	r0, [r0, #4]
 80a0872:	461a      	mov	r2, r3
 80a0874:	4619      	mov	r1, r3
 80a0876:	f7ff bce1 	b.w	80a023c <network_off>

080a087a <_ZN5spark9WiFiClass2onEv>:
        network_on(*this, 0, 0, NULL);
 80a087a:	2300      	movs	r3, #0
 80a087c:	6840      	ldr	r0, [r0, #4]
 80a087e:	461a      	mov	r2, r3
 80a0880:	4619      	mov	r1, r3
 80a0882:	f7ff bcd3 	b.w	80a022c <network_on>

080a0886 <_ZN5spark9WiFiClass10connectingEv>:
        return network_connecting(*this, 0, NULL);
 80a0886:	2200      	movs	r2, #0
 80a0888:	6840      	ldr	r0, [r0, #4]
 80a088a:	4611      	mov	r1, r2
 80a088c:	f7ff bcb6 	b.w	80a01fc <network_connecting>

080a0890 <_ZN5spark9WiFiClass10disconnectEv>:
        network_disconnect(*this, NETWORK_DISCONNECT_REASON_USER, NULL);
 80a0890:	2200      	movs	r2, #0
 80a0892:	2102      	movs	r1, #2
 80a0894:	6840      	ldr	r0, [r0, #4]
 80a0896:	f7ff bcb9 	b.w	80a020c <network_disconnect>

080a089a <_ZN5spark9WiFiClass7connectEj>:
        network_connect(*this, flags, 0, NULL);
 80a089a:	2300      	movs	r3, #0
 80a089c:	6840      	ldr	r0, [r0, #4]
 80a089e:	461a      	mov	r2, r3
 80a08a0:	f7ff bca4 	b.w	80a01ec <network_connect>

080a08a4 <_GLOBAL__sub_I__ZN10WiFiSignalC2ERK21wlan_connected_info_t>:
    static NetworkClass& from(network_interface_t nif);

    virtual IPAddress resolve(const char* name);

    explicit NetworkClass(network_interface_t iface)
            : iface_(iface) {
 80a08a4:	2204      	movs	r2, #4
 80a08a6:	4b02      	ldr	r3, [pc, #8]	; (80a08b0 <_GLOBAL__sub_I__ZN10WiFiSignalC2ERK21wlan_connected_info_t+0xc>)
 80a08a8:	605a      	str	r2, [r3, #4]
            NetworkClass(NETWORK_INTERFACE_WIFI_STA) {
 80a08aa:	4a02      	ldr	r2, [pc, #8]	; (80a08b4 <_GLOBAL__sub_I__ZN10WiFiSignalC2ERK21wlan_connected_info_t+0x10>)
 80a08ac:	601a      	str	r2, [r3, #0]
the same way.
*****************************************************************************/

    WiFiClass WiFi;
    // NetworkClass& Network = WiFi;
}
 80a08ae:	4770      	bx	lr
 80a08b0:	200000cc 	.word	0x200000cc
 80a08b4:	080a0c58 	.word	0x080a0c58

080a08b8 <_ZN5spark12NetworkClass7connectEj>:
        return Network;
    }
}

void NetworkClass::connect(unsigned flags) {
    network_connect(*this, flags, 0, nullptr);
 80a08b8:	2300      	movs	r3, #0
 80a08ba:	6840      	ldr	r0, [r0, #4]
 80a08bc:	461a      	mov	r2, r3
 80a08be:	f7ff bc95 	b.w	80a01ec <network_connect>

080a08c2 <_ZN5spark12NetworkClass10disconnectEv>:
}

void NetworkClass::disconnect() {
    network_disconnect(*this, NETWORK_DISCONNECT_REASON_USER, nullptr);
 80a08c2:	2200      	movs	r2, #0
 80a08c4:	2102      	movs	r1, #2
 80a08c6:	6840      	ldr	r0, [r0, #4]
 80a08c8:	f7ff bca0 	b.w	80a020c <network_disconnect>

080a08cc <_ZN5spark12NetworkClass10connectingEv>:
}

bool NetworkClass::connecting() {
    return network_connecting(*this, 0, nullptr);
 80a08cc:	2200      	movs	r2, #0
 80a08ce:	6840      	ldr	r0, [r0, #4]
 80a08d0:	4611      	mov	r1, r2
 80a08d2:	f7ff bc93 	b.w	80a01fc <network_connecting>

080a08d6 <_ZN5spark12NetworkClass5readyEv>:
}

bool NetworkClass::ready() {
    return network_ready(*this, 0, nullptr);
 80a08d6:	2200      	movs	r2, #0
 80a08d8:	6840      	ldr	r0, [r0, #4]
 80a08da:	4611      	mov	r1, r2
 80a08dc:	f7ff bc9e 	b.w	80a021c <network_ready>

080a08e0 <_ZN5spark12NetworkClass2onEv>:
}

void NetworkClass::on() {
    network_on(*this, 0, 0, nullptr);
 80a08e0:	2300      	movs	r3, #0
 80a08e2:	6840      	ldr	r0, [r0, #4]
 80a08e4:	461a      	mov	r2, r3
 80a08e6:	4619      	mov	r1, r3
 80a08e8:	f7ff bca0 	b.w	80a022c <network_on>

080a08ec <_ZN5spark12NetworkClass3offEv>:
}

void NetworkClass::off() {
    network_off(*this, 0, 0, nullptr);
 80a08ec:	2300      	movs	r3, #0
 80a08ee:	6840      	ldr	r0, [r0, #4]
 80a08f0:	461a      	mov	r2, r3
 80a08f2:	4619      	mov	r1, r3
 80a08f4:	f7ff bca2 	b.w	80a023c <network_off>

080a08f8 <_ZN5spark12NetworkClass4isOnEv>:
}

bool NetworkClass::isOn() {
    return network_is_on(*this, nullptr);
 80a08f8:	2100      	movs	r1, #0
 80a08fa:	6840      	ldr	r0, [r0, #4]
 80a08fc:	f7ff bcc6 	b.w	80a028c <network_is_on>

080a0900 <_ZN5spark12NetworkClass5isOffEv>:
}

bool NetworkClass::isOff() {
    return network_is_off(*this, nullptr);
 80a0900:	2100      	movs	r1, #0
 80a0902:	6840      	ldr	r0, [r0, #4]
 80a0904:	f7ff bcca 	b.w	80a029c <network_is_off>

080a0908 <_ZN5spark12NetworkClass6listenEb>:
}

void NetworkClass::listen(bool begin) {
    network_listen(*this, begin ? 0 : 1, nullptr);
 80a0908:	2200      	movs	r2, #0
 80a090a:	6840      	ldr	r0, [r0, #4]
 80a090c:	f081 0101 	eor.w	r1, r1, #1
 80a0910:	f7ff bc9c 	b.w	80a024c <network_listen>

080a0914 <_ZN5spark12NetworkClass16setListenTimeoutEt>:
}

void NetworkClass::setListenTimeout(uint16_t timeout) {
    network_set_listen_timeout(*this, timeout, nullptr);
 80a0914:	2200      	movs	r2, #0
 80a0916:	6840      	ldr	r0, [r0, #4]
 80a0918:	f7ff bca8 	b.w	80a026c <network_set_listen_timeout>

080a091c <_ZN5spark12NetworkClass16getListenTimeoutEv>:
}

uint16_t NetworkClass::getListenTimeout() {
    return network_get_listen_timeout(*this, 0, nullptr);
 80a091c:	2200      	movs	r2, #0
 80a091e:	6840      	ldr	r0, [r0, #4]
 80a0920:	4611      	mov	r1, r2
 80a0922:	f7ff bcab 	b.w	80a027c <network_get_listen_timeout>

080a0926 <_ZN5spark12NetworkClass9listeningEv>:
}

bool NetworkClass::listening() {
    return network_listening(*this, 0, nullptr);
 80a0926:	2200      	movs	r2, #0
 80a0928:	6840      	ldr	r0, [r0, #4]
 80a092a:	4611      	mov	r1, r2
 80a092c:	f7ff bc96 	b.w	80a025c <network_listening>

080a0930 <_ZN5spark12NetworkClass7resolveEPKc>:
}

IPAddress NetworkClass::resolve(const char* name) {
 80a0930:	b570      	push	{r4, r5, r6, lr}
 80a0932:	4615      	mov	r5, r2
 80a0934:	b08e      	sub	sp, #56	; 0x38
 80a0936:	4604      	mov	r4, r0
    IPAddress addr;
 80a0938:	a808      	add	r0, sp, #32
 80a093a:	f7ff fe21 	bl	80a0580 <_ZN9IPAddressC1Ev>
        HAL_IPAddress ip = {};
 80a093e:	2211      	movs	r2, #17
 80a0940:	2100      	movs	r1, #0
 80a0942:	a803      	add	r0, sp, #12
 80a0944:	f000 f88a 	bl	80a0a5c <memset>
        return (inet_gethostbyname(name, strlen(name), &ip, *this, NULL) != 0) ?
 80a0948:	2600      	movs	r6, #0
 80a094a:	4628      	mov	r0, r5
 80a094c:	f000 f8bc 	bl	80a0ac8 <strlen>
 80a0950:	4b0a      	ldr	r3, [pc, #40]	; (80a097c <_ZN5spark12NetworkClass7resolveEPKc+0x4c>)
 80a0952:	9600      	str	r6, [sp, #0]
 80a0954:	b281      	uxth	r1, r0
 80a0956:	685b      	ldr	r3, [r3, #4]
 80a0958:	4628      	mov	r0, r5
 80a095a:	aa03      	add	r2, sp, #12
 80a095c:	f7ff fc22 	bl	80a01a4 <inet_gethostbyname>
                IPAddress(uint32_t(0)) : IPAddress(ip);
 80a0960:	b130      	cbz	r0, 80a0970 <_ZN5spark12NetworkClass7resolveEPKc+0x40>
 80a0962:	4631      	mov	r1, r6
 80a0964:	4620      	mov	r0, r4
 80a0966:	f7ff fe2b 	bl	80a05c0 <_ZN9IPAddressC1Em>
    return Cellular.resolve(name);
#endif // Wiring_Cellular

#endif // HAL_USE_INET_HAL_POSIX
    return addr;
}
 80a096a:	4620      	mov	r0, r4
 80a096c:	b00e      	add	sp, #56	; 0x38
 80a096e:	bd70      	pop	{r4, r5, r6, pc}
 80a0970:	4620      	mov	r0, r4
 80a0972:	a903      	add	r1, sp, #12
 80a0974:	f7ff fe12 	bl	80a059c <_ZN9IPAddressC1ERK16_HAL_IPAddress_t>
    virtual ~IPAddress() {}
 80a0978:	e7f7      	b.n	80a096a <_ZN5spark12NetworkClass7resolveEPKc+0x3a>
 80a097a:	bf00      	nop
 80a097c:	200000cc 	.word	0x200000cc

080a0980 <_GLOBAL__sub_I__ZN5spark7NetworkE>:
 80a0980:	4b02      	ldr	r3, [pc, #8]	; (80a098c <_GLOBAL__sub_I__ZN5spark7NetworkE+0xc>)
 80a0982:	4a03      	ldr	r2, [pc, #12]	; (80a0990 <_GLOBAL__sub_I__ZN5spark7NetworkE+0x10>)
 80a0984:	601a      	str	r2, [r3, #0]
 80a0986:	2200      	movs	r2, #0
 80a0988:	605a      	str	r2, [r3, #4]

} // spark
 80a098a:	4770      	bx	lr
 80a098c:	200000d4 	.word	0x200000d4
 80a0990:	080a0c94 	.word	0x080a0c94

080a0994 <__tcf_0>:
}
#endif

USARTSerial& __fetch_global_Serial1()
{
    static USARTSerial serial1(HAL_USART_SERIAL1, acquireSerial1Buffer());
 80a0994:	4770      	bx	lr
	...

080a0998 <_Z20acquireSerial1Bufferv>:
{
 80a0998:	b570      	push	{r4, r5, r6, lr}
    hal_usart_buffer_config_t config = {
 80a099a:	2514      	movs	r5, #20
{
 80a099c:	4604      	mov	r4, r0
    hal_usart_buffer_config_t config = {
 80a099e:	462a      	mov	r2, r5
 80a09a0:	2100      	movs	r1, #0
 80a09a2:	f000 f85b 	bl	80a0a5c <memset>
 80a09a6:	8025      	strh	r5, [r4, #0]
 80a09a8:	2580      	movs	r5, #128	; 0x80
        .rx_buffer = new (std::nothrow) uint8_t[bufferSize],
 80a09aa:	4e07      	ldr	r6, [pc, #28]	; (80a09c8 <_Z20acquireSerial1Bufferv+0x30>)
 80a09ac:	4628      	mov	r0, r5
 80a09ae:	4631      	mov	r1, r6
    hal_usart_buffer_config_t config = {
 80a09b0:	8125      	strh	r5, [r4, #8]
 80a09b2:	8225      	strh	r5, [r4, #16]
        .rx_buffer = new (std::nothrow) uint8_t[bufferSize],
 80a09b4:	f000 f83c 	bl	80a0a30 <_ZnajRKSt9nothrow_t>
        .tx_buffer = new (std::nothrow) uint8_t[bufferSize],
 80a09b8:	4631      	mov	r1, r6
    };
 80a09ba:	6060      	str	r0, [r4, #4]
        .tx_buffer = new (std::nothrow) uint8_t[bufferSize],
 80a09bc:	4628      	mov	r0, r5
 80a09be:	f000 f837 	bl	80a0a30 <_ZnajRKSt9nothrow_t>
    };
 80a09c2:	60e0      	str	r0, [r4, #12]
}
 80a09c4:	4620      	mov	r0, r4
 80a09c6:	bd70      	pop	{r4, r5, r6, pc}
 80a09c8:	080a0cc8 	.word	0x080a0cc8

080a09cc <_Z22__fetch_global_Serial1v>:
{
 80a09cc:	b530      	push	{r4, r5, lr}
    static USARTSerial serial1(HAL_USART_SERIAL1, acquireSerial1Buffer());
 80a09ce:	4d0e      	ldr	r5, [pc, #56]	; (80a0a08 <_Z22__fetch_global_Serial1v+0x3c>)
{
 80a09d0:	b087      	sub	sp, #28
    static USARTSerial serial1(HAL_USART_SERIAL1, acquireSerial1Buffer());
 80a09d2:	7829      	ldrb	r1, [r5, #0]
 80a09d4:	f3bf 8f5b 	dmb	ish
 80a09d8:	f011 0401 	ands.w	r4, r1, #1
 80a09dc:	d111      	bne.n	80a0a02 <_Z22__fetch_global_Serial1v+0x36>
 80a09de:	4628      	mov	r0, r5
 80a09e0:	f7ff fb5d 	bl	80a009e <__cxa_guard_acquire>
 80a09e4:	b168      	cbz	r0, 80a0a02 <_Z22__fetch_global_Serial1v+0x36>
 80a09e6:	a801      	add	r0, sp, #4
 80a09e8:	f7ff ffd6 	bl	80a0998 <_Z20acquireSerial1Bufferv>
 80a09ec:	4621      	mov	r1, r4
 80a09ee:	aa01      	add	r2, sp, #4
 80a09f0:	4806      	ldr	r0, [pc, #24]	; (80a0a0c <_Z22__fetch_global_Serial1v+0x40>)
 80a09f2:	f7ff feed 	bl	80a07d0 <_ZN11USARTSerialC1E21hal_usart_interface_tRK25hal_usart_buffer_config_t>
 80a09f6:	4628      	mov	r0, r5
 80a09f8:	f7ff fb56 	bl	80a00a8 <__cxa_guard_release>
 80a09fc:	4804      	ldr	r0, [pc, #16]	; (80a0a10 <_Z22__fetch_global_Serial1v+0x44>)
 80a09fe:	f000 f819 	bl	80a0a34 <atexit>
    return serial1;
}
 80a0a02:	4802      	ldr	r0, [pc, #8]	; (80a0a0c <_Z22__fetch_global_Serial1v+0x40>)
 80a0a04:	b007      	add	sp, #28
 80a0a06:	bd30      	pop	{r4, r5, pc}
 80a0a08:	200000dc 	.word	0x200000dc
 80a0a0c:	200000e0 	.word	0x200000e0
 80a0a10:	080a0995 	.word	0x080a0995

080a0a14 <_GLOBAL__sub_I_INADDR_NONE>:
#include "spark_wiring_ipaddress.h"

#if !HAL_USE_SOCKET_HAL_POSIX
const IPAddress INADDR_NONE(0, 0, 0, 0);
 80a0a14:	2300      	movs	r3, #0
 80a0a16:	b507      	push	{r0, r1, r2, lr}
 80a0a18:	461a      	mov	r2, r3
 80a0a1a:	4619      	mov	r1, r3
 80a0a1c:	9300      	str	r3, [sp, #0]
 80a0a1e:	4803      	ldr	r0, [pc, #12]	; (80a0a2c <_GLOBAL__sub_I_INADDR_NONE+0x18>)
 80a0a20:	f7ff fde4 	bl	80a05ec <_ZN9IPAddressC1Ehhhh>
 80a0a24:	b003      	add	sp, #12
 80a0a26:	f85d fb04 	ldr.w	pc, [sp], #4
 80a0a2a:	bf00      	nop
 80a0a2c:	200000f8 	.word	0x200000f8

080a0a30 <_ZnajRKSt9nothrow_t>:
 80a0a30:	f7ff bb31 	b.w	80a0096 <_Znaj>

080a0a34 <atexit>:
 80a0a34:	2300      	movs	r3, #0
 80a0a36:	4601      	mov	r1, r0
 80a0a38:	461a      	mov	r2, r3
 80a0a3a:	4618      	mov	r0, r3
 80a0a3c:	f000 b84c 	b.w	80a0ad8 <__register_exitproc>

080a0a40 <memcpy>:
 80a0a40:	440a      	add	r2, r1
 80a0a42:	4291      	cmp	r1, r2
 80a0a44:	f100 33ff 	add.w	r3, r0, #4294967295
 80a0a48:	d100      	bne.n	80a0a4c <memcpy+0xc>
 80a0a4a:	4770      	bx	lr
 80a0a4c:	b510      	push	{r4, lr}
 80a0a4e:	f811 4b01 	ldrb.w	r4, [r1], #1
 80a0a52:	4291      	cmp	r1, r2
 80a0a54:	f803 4f01 	strb.w	r4, [r3, #1]!
 80a0a58:	d1f9      	bne.n	80a0a4e <memcpy+0xe>
 80a0a5a:	bd10      	pop	{r4, pc}

080a0a5c <memset>:
 80a0a5c:	4603      	mov	r3, r0
 80a0a5e:	4402      	add	r2, r0
 80a0a60:	4293      	cmp	r3, r2
 80a0a62:	d100      	bne.n	80a0a66 <memset+0xa>
 80a0a64:	4770      	bx	lr
 80a0a66:	f803 1b01 	strb.w	r1, [r3], #1
 80a0a6a:	e7f9      	b.n	80a0a60 <memset+0x4>

080a0a6c <srand>:
 80a0a6c:	b538      	push	{r3, r4, r5, lr}
 80a0a6e:	4b10      	ldr	r3, [pc, #64]	; (80a0ab0 <srand+0x44>)
 80a0a70:	4604      	mov	r4, r0
 80a0a72:	681d      	ldr	r5, [r3, #0]
 80a0a74:	6bab      	ldr	r3, [r5, #56]	; 0x38
 80a0a76:	b9b3      	cbnz	r3, 80a0aa6 <srand+0x3a>
 80a0a78:	2018      	movs	r0, #24
 80a0a7a:	f7ff fc1f 	bl	80a02bc <malloc>
 80a0a7e:	4602      	mov	r2, r0
 80a0a80:	63a8      	str	r0, [r5, #56]	; 0x38
 80a0a82:	b920      	cbnz	r0, 80a0a8e <srand+0x22>
 80a0a84:	2142      	movs	r1, #66	; 0x42
 80a0a86:	4b0b      	ldr	r3, [pc, #44]	; (80a0ab4 <srand+0x48>)
 80a0a88:	480b      	ldr	r0, [pc, #44]	; (80a0ab8 <srand+0x4c>)
 80a0a8a:	f7ff fc27 	bl	80a02dc <__assert_func>
 80a0a8e:	490b      	ldr	r1, [pc, #44]	; (80a0abc <srand+0x50>)
 80a0a90:	4b0b      	ldr	r3, [pc, #44]	; (80a0ac0 <srand+0x54>)
 80a0a92:	e9c0 1300 	strd	r1, r3, [r0]
 80a0a96:	4b0b      	ldr	r3, [pc, #44]	; (80a0ac4 <srand+0x58>)
 80a0a98:	2100      	movs	r1, #0
 80a0a9a:	6083      	str	r3, [r0, #8]
 80a0a9c:	230b      	movs	r3, #11
 80a0a9e:	8183      	strh	r3, [r0, #12]
 80a0aa0:	2001      	movs	r0, #1
 80a0aa2:	e9c2 0104 	strd	r0, r1, [r2, #16]
 80a0aa6:	2200      	movs	r2, #0
 80a0aa8:	6bab      	ldr	r3, [r5, #56]	; 0x38
 80a0aaa:	611c      	str	r4, [r3, #16]
 80a0aac:	615a      	str	r2, [r3, #20]
 80a0aae:	bd38      	pop	{r3, r4, r5, pc}
 80a0ab0:	20000004 	.word	0x20000004
 80a0ab4:	080a0cc9 	.word	0x080a0cc9
 80a0ab8:	080a0ce0 	.word	0x080a0ce0
 80a0abc:	abcd330e 	.word	0xabcd330e
 80a0ac0:	e66d1234 	.word	0xe66d1234
 80a0ac4:	0005deec 	.word	0x0005deec

080a0ac8 <strlen>:
 80a0ac8:	4603      	mov	r3, r0
 80a0aca:	f813 2b01 	ldrb.w	r2, [r3], #1
 80a0ace:	2a00      	cmp	r2, #0
 80a0ad0:	d1fb      	bne.n	80a0aca <strlen+0x2>
 80a0ad2:	1a18      	subs	r0, r3, r0
 80a0ad4:	3801      	subs	r0, #1
 80a0ad6:	4770      	bx	lr

080a0ad8 <__register_exitproc>:
 80a0ad8:	e92d 43f8 	stmdb	sp!, {r3, r4, r5, r6, r7, r8, r9, lr}
 80a0adc:	f8df 80ac 	ldr.w	r8, [pc, #172]	; 80a0b8c <__register_exitproc+0xb4>
 80a0ae0:	4606      	mov	r6, r0
 80a0ae2:	f8d8 0000 	ldr.w	r0, [r8]
 80a0ae6:	461f      	mov	r7, r3
 80a0ae8:	460d      	mov	r5, r1
 80a0aea:	4691      	mov	r9, r2
 80a0aec:	f000 f858 	bl	80a0ba0 <__retarget_lock_acquire_recursive>
 80a0af0:	4b27      	ldr	r3, [pc, #156]	; (80a0b90 <__register_exitproc+0xb8>)
 80a0af2:	681c      	ldr	r4, [r3, #0]
 80a0af4:	b934      	cbnz	r4, 80a0b04 <__register_exitproc+0x2c>
 80a0af6:	4c27      	ldr	r4, [pc, #156]	; (80a0b94 <__register_exitproc+0xbc>)
 80a0af8:	601c      	str	r4, [r3, #0]
 80a0afa:	4b27      	ldr	r3, [pc, #156]	; (80a0b98 <__register_exitproc+0xc0>)
 80a0afc:	b113      	cbz	r3, 80a0b04 <__register_exitproc+0x2c>
 80a0afe:	681b      	ldr	r3, [r3, #0]
 80a0b00:	f8c4 3088 	str.w	r3, [r4, #136]	; 0x88
 80a0b04:	6863      	ldr	r3, [r4, #4]
 80a0b06:	2b1f      	cmp	r3, #31
 80a0b08:	dd07      	ble.n	80a0b1a <__register_exitproc+0x42>
 80a0b0a:	f8d8 0000 	ldr.w	r0, [r8]
 80a0b0e:	f000 f849 	bl	80a0ba4 <__retarget_lock_release_recursive>
 80a0b12:	f04f 30ff 	mov.w	r0, #4294967295
 80a0b16:	e8bd 83f8 	ldmia.w	sp!, {r3, r4, r5, r6, r7, r8, r9, pc}
 80a0b1a:	b35e      	cbz	r6, 80a0b74 <__register_exitproc+0x9c>
 80a0b1c:	f8d4 0088 	ldr.w	r0, [r4, #136]	; 0x88
 80a0b20:	b988      	cbnz	r0, 80a0b46 <__register_exitproc+0x6e>
 80a0b22:	4b1e      	ldr	r3, [pc, #120]	; (80a0b9c <__register_exitproc+0xc4>)
 80a0b24:	b923      	cbnz	r3, 80a0b30 <__register_exitproc+0x58>
 80a0b26:	f8d8 0000 	ldr.w	r0, [r8]
 80a0b2a:	f000 f83a 	bl	80a0ba2 <__retarget_lock_release>
 80a0b2e:	e7f0      	b.n	80a0b12 <__register_exitproc+0x3a>
 80a0b30:	f44f 7084 	mov.w	r0, #264	; 0x108
 80a0b34:	f7ff fbc2 	bl	80a02bc <malloc>
 80a0b38:	2800      	cmp	r0, #0
 80a0b3a:	d0f4      	beq.n	80a0b26 <__register_exitproc+0x4e>
 80a0b3c:	2300      	movs	r3, #0
 80a0b3e:	e9c0 3340 	strd	r3, r3, [r0, #256]	; 0x100
 80a0b42:	f8c4 0088 	str.w	r0, [r4, #136]	; 0x88
 80a0b46:	2201      	movs	r2, #1
 80a0b48:	6863      	ldr	r3, [r4, #4]
 80a0b4a:	2e02      	cmp	r6, #2
 80a0b4c:	f840 9023 	str.w	r9, [r0, r3, lsl #2]
 80a0b50:	fa02 f203 	lsl.w	r2, r2, r3
 80a0b54:	eb00 0183 	add.w	r1, r0, r3, lsl #2
 80a0b58:	f8d0 3100 	ldr.w	r3, [r0, #256]	; 0x100
 80a0b5c:	ea43 0302 	orr.w	r3, r3, r2
 80a0b60:	f8c0 3100 	str.w	r3, [r0, #256]	; 0x100
 80a0b64:	f8c1 7080 	str.w	r7, [r1, #128]	; 0x80
 80a0b68:	bf02      	ittt	eq
 80a0b6a:	f8d0 3104 	ldreq.w	r3, [r0, #260]	; 0x104
 80a0b6e:	4313      	orreq	r3, r2
 80a0b70:	f8c0 3104 	streq.w	r3, [r0, #260]	; 0x104
 80a0b74:	6863      	ldr	r3, [r4, #4]
 80a0b76:	f8d8 0000 	ldr.w	r0, [r8]
 80a0b7a:	1c5a      	adds	r2, r3, #1
 80a0b7c:	3302      	adds	r3, #2
 80a0b7e:	6062      	str	r2, [r4, #4]
 80a0b80:	f844 5023 	str.w	r5, [r4, r3, lsl #2]
 80a0b84:	f000 f80e 	bl	80a0ba4 <__retarget_lock_release_recursive>
 80a0b88:	2000      	movs	r0, #0
 80a0b8a:	e7c4      	b.n	80a0b16 <__register_exitproc+0x3e>
 80a0b8c:	20000068 	.word	0x20000068
 80a0b90:	2000019c 	.word	0x2000019c
 80a0b94:	20000110 	.word	0x20000110
 80a0b98:	00000000 	.word	0x00000000
 80a0b9c:	080a02bd 	.word	0x080a02bd

080a0ba0 <__retarget_lock_acquire_recursive>:
 80a0ba0:	4770      	bx	lr

080a0ba2 <__retarget_lock_release>:
 80a0ba2:	4770      	bx	lr

080a0ba4 <__retarget_lock_release_recursive>:
 80a0ba4:	4770      	bx	lr

080a0ba6 <link_code_end>:
	...

080a0ba8 <dynalib_user>:
 80a0ba8:	001d 080a 005d 080a 0085 080a 0089 080a     ....]...........
 80a0bb8:	0000 0000 7061 0070 5925 252d 2d6d 6425     ....app.%Y-%m-%d
 80a0bc8:	2554 3a48 4d25 253a 2553 007a 7361 7463     T%H:%M:%S%z.asct
 80a0bd8:	6d69 0065                                   ime.

080a0bdc <_ZTV9IPAddress>:
	...
 80a0be4:	053f 080a 053d 080a 0571 080a               ?...=...q...

080a0bf0 <_ZTV9USBSerial>:
	...
 80a0bf8:	060b 080a 0671 080a 0649 080a 0321 080a     ....q...I...!...
 80a0c08:	063b 080a 060d 080a 061d 080a 066b 080a     ;...........k...
 80a0c18:	062d 080a 0605 080a                         -.......

080a0c20 <_ZTV11USARTSerial>:
	...
 80a0c28:	0759 080a 07c1 080a 079d 080a 0321 080a     Y...........!...
 80a0c38:	076d 080a 0789 080a 077b 080a 0797 080a     m.......{.......
 80a0c48:	075b 080a 075f 080a                         [..._...

080a0c50 <_ZTVN5spark9WiFiClassE>:
	...
 80a0c58:	089b 080a 0891 080a 0887 080a 07f9 080a     ................
 80a0c68:	087b 080a 086f 080a 08f9 080a 0901 080a     {...o...........
 80a0c78:	0863 080a 085b 080a 0851 080a 0847 080a     c...[...Q...G...
 80a0c88:	0803 080a                                   ....

080a0c8c <_ZTVN5spark12NetworkClassE>:
	...
 80a0c94:	08b9 080a 08c3 080a 08cd 080a 08d7 080a     ................
 80a0ca4:	08e1 080a 08ed 080a 08f9 080a 0901 080a     ................
 80a0cb4:	0909 080a 0915 080a 091d 080a 0927 080a     ............'...
 80a0cc4:	0931 080a                                   1...

080a0cc8 <_ZSt7nothrow>:
 80a0cc8:	5200 4545 544e 6d20 6c61 6f6c 2063 7573     .REENT malloc su
 80a0cd8:	6363 6565 6564 0064 6d2f 746e 772f 726f     cceeded./mnt/wor
 80a0ce8:	736b 6170 6563 772f 726f 736b 6170 6563     kspace/workspace
 80a0cf8:	472f 4343 312d 2d30 6970 6570 696c 656e     /GCC-10-pipeline
 80a0d08:	6a2f 6e65 696b 736e 472d 4343 312d 2d30     /jenkins-GCC-10-
 80a0d18:	6970 6570 696c 656e 342d 5f38 3032 3032     pipeline-48_2020
 80a0d28:	3131 3432 315f 3036 3136 3038 3436 2f31     1124_1606180641/
 80a0d38:	7273 2f63 656e 6c77 6269 6e2f 7765 696c     src/newlib/newli
 80a0d48:	2f62 696c 6362 732f 6474 696c 2f62 6172     b/libc/stdlib/ra
 80a0d58:	646e 632e                                    nd.c.

080a0d5d <link_const_variable_data_end>:
 80a0d5d:	00          	.byte	0x00
	...

080a0d60 <link_constructors_location>:
 80a0d60:	080a02fd 	.word	0x080a02fd
 80a0d64:	080a03ad 	.word	0x080a03ad
 80a0d68:	080a03bd 	.word	0x080a03bd
 80a0d6c:	080a03d1 	.word	0x080a03d1
 80a0d70:	080a08a5 	.word	0x080a08a5
 80a0d74:	080a0981 	.word	0x080a0981
 80a0d78:	080a0a15 	.word	0x080a0a15

080a0d7c <link_constructors_end>:
 80a0d7c:	00000000 	.word	0x00000000
