

Microchip MPLAB XC8 Assembler V2.31 build 20201012212115 
                                                                                               Thu Dec 08 22:50:26 2022

Microchip MPLAB XC8 C Compiler v2.31 (Free license) build 20201012212115 Og1 
     1                           	processor	16F627
     2                           	pagewidth 120
     3                           	opt	flic
     4                           	psect	cinit,global,class=CODE,merge=1,delta=2
     5                           	psect	cstackCOMMON,global,class=COMMON,space=1,delta=1,noexec
     6                           	psect	maintext,global,class=CODE,split=1,delta=2
     7                           	psect	config,global,abs,ovrld,class=CONFIG,space=4,delta=2,noexec
     8                           	dabs	1,0x7E,2
     9  0000                     
    10                           ; Version 2.20
    11                           ; Generated 12/02/2020 GMT
    12                           ; 
    13                           ; Copyright © 2020, Microchip Technology Inc. and its subsidiaries ("Microchip")
    14                           ; All rights reserved.
    15                           ; 
    16                           ; This software is developed by Microchip Technology Inc. and its subsidiaries ("Microch
      +                          ip").
    17                           ; 
    18                           ; Redistribution and use in source and binary forms, with or without modification, are
    19                           ; permitted provided that the following conditions are met:
    20                           ; 
    21                           ;     1. Redistributions of source code must retain the above copyright notice, this lis
      +                          t of
    22                           ;        conditions and the following disclaimer.
    23                           ; 
    24                           ;     2. Redistributions in binary form must reproduce the above copyright notice, this 
      +                          list
    25                           ;        of conditions and the following disclaimer in the documentation and/or other
    26                           ;        materials provided with the distribution.
    27                           ; 
    28                           ;     3. Microchip's name may not be used to endorse or promote products derived from th
      +                          is
    29                           ;        software without specific prior written permission.
    30                           ; 
    31                           ; THIS SOFTWARE IS PROVIDED BY MICROCHIP "AS IS" AND ANY EXPRESS OR IMPLIED WARRANTIES,
    32                           ; INCLUDING, BUT NOT LIMITED TO, THE IMPLIED WARRANTIES OF MERCHANTABILITY AND FITNESS F
      +                          OR
    33                           ; PURPOSE ARE DISCLAIMED.  IN NO EVENT SHALL MICROCHIP BE LIABLE FOR ANY DIRECT, INDIREC
      +                          T,
    34                           ; INCIDENTAL, SPECIAL, EXEMPLARY, OR CONSEQUENTIAL DAMAGES (INCLUDING BUT NOT LIMITED TO
    35                           ; PROCUREMENT OF SUBSTITUTE GOODS OR SERVICES; LOSS OF USE, DATA OR PROFITS; OR BUSINESS
    36                           ; INTERRUPTION) HOWSOEVER CAUSED AND ON ANY THEORY OF LIABILITY, WHETHER IN CONTRACT, ST
      +                          RICT
    37                           ; LIABILITY, OR TORT (INCLUDING NEGLIGENCE OR OTHERWISE) ARISING IN ANY WAY OUT OF THE U
      +                          SE OF
    38                           ; THIS SOFTWARE, EVEN IF ADVISED OF THE POSSIBILITY OF SUCH DAMAGE.
    39                           ; 
    40                           ; 
    41                           ; Code-generator required, PIC16F627 Definitions
    42                           ; 
    43                           ; SFR Addresses
    44  0000                     	;# 
    45  0001                     	;# 
    46  0002                     	;# 
    47  0003                     	;# 
    48  0004                     	;# 
    49  0005                     	;# 
    50  0006                     	;# 
    51  000A                     	;# 
    52  000B                     	;# 
    53  000C                     	;# 
    54  000E                     	;# 
    55  000E                     	;# 
    56  000F                     	;# 
    57  0010                     	;# 
    58  0011                     	;# 
    59  0012                     	;# 
    60  0015                     	;# 
    61  0015                     	;# 
    62  0016                     	;# 
    63  0017                     	;# 
    64  0018                     	;# 
    65  0019                     	;# 
    66  001A                     	;# 
    67  001F                     	;# 
    68  0081                     	;# 
    69  0085                     	;# 
    70  0086                     	;# 
    71  008C                     	;# 
    72  008E                     	;# 
    73  0092                     	;# 
    74  0098                     	;# 
    75  0099                     	;# 
    76  009A                     	;# 
    77  009B                     	;# 
    78  009C                     	;# 
    79  009D                     	;# 
    80  009F                     	;# 
    81  0000                     	;# 
    82  0001                     	;# 
    83  0002                     	;# 
    84  0003                     	;# 
    85  0004                     	;# 
    86  0005                     	;# 
    87  0006                     	;# 
    88  000A                     	;# 
    89  000B                     	;# 
    90  000C                     	;# 
    91  000E                     	;# 
    92  000E                     	;# 
    93  000F                     	;# 
    94  0010                     	;# 
    95  0011                     	;# 
    96  0012                     	;# 
    97  0015                     	;# 
    98  0015                     	;# 
    99  0016                     	;# 
   100  0017                     	;# 
   101  0018                     	;# 
   102  0019                     	;# 
   103  001A                     	;# 
   104  001F                     	;# 
   105  0081                     	;# 
   106  0085                     	;# 
   107  0086                     	;# 
   108  008C                     	;# 
   109  008E                     	;# 
   110  0092                     	;# 
   111  0098                     	;# 
   112  0099                     	;# 
   113  009A                     	;# 
   114  009B                     	;# 
   115  009C                     	;# 
   116  009D                     	;# 
   117  009F                     	;# 
   118  0006                     _PORTB	set	6
   119  0086                     _TRISB	set	134
   120  0085                     _TRISA	set	133
   121                           
   122                           	psect	cinit
   123  03FE                     start_initialization:	
   124                           ; #config settings
   125                           
   126  03FE                     __initialization:
   127  03FE                     end_of_initialization:	
   128                           ;End of C runtime variable initialization code
   129                           
   130  03FE                     __end_of__initialization:
   131  03FE  0183               	clrf	3
   132  03FF  2BB2               	ljmp	_main	;jump to C main() function
   133                           
   134                           	psect	cstackCOMMON
   135  0070                     __pcstackCOMMON:
   136  0070                     ?_main:
   137  0070                     ??_main:	
   138                           ; 1 bytes @ 0x0
   139                           
   140                           
   141                           ; 1 bytes @ 0x0
   142  0070                     	ds	3
   143  0073                     main@dir:
   144                           
   145                           ; 1 bytes @ 0x3
   146  0073                     	ds	1
   147  0074                     main@x:
   148                           
   149                           ; 1 bytes @ 0x4
   150  0074                     	ds	1
   151                           
   152                           	psect	maintext
   153  03B2                     __pmaintext:	
   154 ;;
   155 ;;Main: autosize = 0, tempsize = 3, incstack = 0, save=0
   156 ;;
   157 ;; *************** function _main *****************
   158 ;; Defined at:
   159 ;;		line 44 in file "main.c"
   160 ;; Parameters:    Size  Location     Type
   161 ;;		None
   162 ;; Auto vars:     Size  Location     Type
   163 ;;  x               1    4[COMMON] unsigned char 
   164 ;;  dir             1    3[COMMON] unsigned char 
   165 ;; Return value:  Size  Location     Type
   166 ;;                  1    wreg      void 
   167 ;; Registers used:
   168 ;;		wreg, status,2, status,0
   169 ;; Tracked objects:
   170 ;;		On entry : B00/0
   171 ;;		On exit  : 0/0
   172 ;;		Unchanged: 0/0
   173 ;; Data sizes:     COMMON   BANK0   BANK1   BANK2
   174 ;;      Params:         0       0       0       0
   175 ;;      Locals:         2       0       0       0
   176 ;;      Temps:          3       0       0       0
   177 ;;      Totals:         5       0       0       0
   178 ;;Total ram usage:        5 bytes
   179 ;; This function calls:
   180 ;;		Nothing
   181 ;; This function is called by:
   182 ;;		Startup code after reset
   183 ;; This function uses a non-reentrant model
   184 ;;
   185                           
   186                           
   187                           ;psect for function _main
   188  03B2                     _main:
   189  03B2                     l613:	
   190                           ;incstack = 0
   191                           ; Regs used in _main: [wreg+status,2+status,0]
   192                           
   193                           
   194                           ;main.c: 46:     TRISA = 0x0f;
   195  03B2  300F               	movlw	15
   196  03B3  1683               	bsf	3,5	;RP0=1, select bank1
   197  03B4  1303               	bcf	3,6	;RP1=0, select bank1
   198  03B5  0085               	movwf	5	;volatile
   199  03B6                     l615:
   200                           
   201                           ;main.c: 47:     TRISB = 0x00;
   202  03B6  0186               	clrf	6	;volatile
   203  03B7                     l617:
   204                           
   205                           ;main.c: 51:     char x=0x01;
   206  03B7  01F4               	clrf	main@x
   207  03B8  0AF4               	incf	main@x,f
   208  03B9                     l619:
   209                           
   210                           ;main.c: 52:     char dir = 0x0;
   211  03B9  01F3               	clrf	main@dir
   212                           
   213                           ;main.c: 54:     PORTB = 0x01;
   214  03BA  3001               	movlw	1
   215  03BB  1283               	bcf	3,5	;RP0=0, select bank0
   216  03BC  1303               	bcf	3,6	;RP1=0, select bank0
   217  03BD  0086               	movwf	6	;volatile
   218  03BE                     l621:
   219                           
   220                           ;main.c: 57:         if (dir == 0){
   221  03BE  0873               	movf	main@dir,w
   222  03BF  1D03               	btfss	3,2
   223  03C0  2BC2               	goto	u11
   224  03C1  2BC3               	goto	u10
   225  03C2                     u11:
   226  03C2  2BCA               	goto	l625
   227  03C3                     u10:
   228  03C3                     l623:
   229                           
   230                           ;main.c: 58:             x = x << 1;
   231  03C3  0874               	movf	main@x,w
   232  03C4  00F0               	movwf	??_main
   233  03C5  0770               	addwf	??_main,w
   234  03C6  00F1               	movwf	??_main+1
   235  03C7  0871               	movf	??_main+1,w
   236  03C8  00F4               	movwf	main@x
   237                           
   238                           ;main.c: 59:         } else {
   239  03C9  2BD1               	goto	l627
   240  03CA                     l625:
   241                           
   242                           ;main.c: 60:             x = x >> 1;
   243  03CA  0874               	movf	main@x,w
   244  03CB  00F0               	movwf	??_main
   245  03CC  1003               	clrc
   246  03CD  0C70               	rrf	??_main,w
   247  03CE  00F1               	movwf	??_main+1
   248  03CF  0871               	movf	??_main+1,w
   249  03D0  00F4               	movwf	main@x
   250  03D1                     l627:
   251                           
   252                           ;main.c: 63:         if (x > 0x3F)
   253  03D1  3040               	movlw	64
   254  03D2  0274               	subwf	main@x,w
   255  03D3  1C03               	skipc
   256  03D4  2BD6               	goto	u21
   257  03D5  2BD7               	goto	u20
   258  03D6                     u21:
   259  03D6  2BDE               	goto	l633
   260  03D7                     u20:
   261  03D7                     l629:
   262                           
   263                           ;main.c: 64:         {;main.c: 65:             x = 0x20;
   264  03D7  3020               	movlw	32
   265  03D8  00F0               	movwf	??_main
   266  03D9  0870               	movf	??_main,w
   267  03DA  00F4               	movwf	main@x
   268  03DB                     l631:
   269                           
   270                           ;main.c: 66:             dir = 1;
   271  03DB  01F3               	clrf	main@dir
   272  03DC  0AF3               	incf	main@dir,f
   273                           
   274                           ;main.c: 67:         } else if (dir == 1 && x == 0) {
   275  03DD  2BEB               	goto	l641
   276  03DE                     l633:
   277  03DE  0373               	decf	main@dir,w
   278  03DF  1D03               	btfss	3,2
   279  03E0  2BE2               	goto	u31
   280  03E1  2BE3               	goto	u30
   281  03E2                     u31:
   282  03E2  2BEB               	goto	l641
   283  03E3                     u30:
   284  03E3                     l635:
   285  03E3  0874               	movf	main@x,w
   286  03E4  1D03               	btfss	3,2
   287  03E5  2BE7               	goto	u41
   288  03E6  2BE8               	goto	u40
   289  03E7                     u41:
   290  03E7  2BEB               	goto	l641
   291  03E8                     u40:
   292  03E8                     l637:
   293                           
   294                           ;main.c: 68:             x=1;
   295  03E8  01F4               	clrf	main@x
   296  03E9  0AF4               	incf	main@x,f
   297  03EA                     l639:
   298                           
   299                           ;main.c: 69:             dir = 0;
   300  03EA  01F3               	clrf	main@dir
   301  03EB                     l641:
   302                           
   303                           ;main.c: 71:         PORTB = x;
   304  03EB  0874               	movf	main@x,w
   305  03EC  1283               	bcf	3,5	;RP0=0, select bank0
   306  03ED  1303               	bcf	3,6	;RP1=0, select bank0
   307  03EE  0086               	movwf	6	;volatile
   308  03EF                     l643:
   309                           
   310                           ;main.c: 72:         _delay((unsigned long)((250)*(4000000/4000.0)));
   311  03EF  3002               	movlw	2
   312  03F0  00F2               	movwf	??_main+2
   313  03F1  3045               	movlw	69
   314  03F2  00F1               	movwf	??_main+1
   315  03F3  30A9               	movlw	169
   316  03F4  00F0               	movwf	??_main
   317  03F5                     u57:
   318  03F5  0BF0               	decfsz	??_main,f
   319  03F6  2BF5               	goto	u57
   320  03F7  0BF1               	decfsz	??_main+1,f
   321  03F8  2BF5               	goto	u57
   322  03F9  0BF2               	decfsz	??_main+2,f
   323  03FA  2BF5               	goto	u57
   324  03FB  2BFC               	nop2
   325  03FC  2BBE               	goto	l621
   326  03FD  2800               	ljmp	start
   327  03FE                     __end_of_main:
   328  007E                     btemp	set	126	;btemp
   329  007E                     wtemp0	set	126
   330                           
   331                           	psect	config
   332                           
   333                           ;Config register CONFIG @ 0x2007
   334                           ;	Oscillator Selection bits
   335                           ;	FOSC = HS, HS oscillator: High-speed crystal/resonator on RA6/OSC2/CLKOUT and RA7/OSC1
      +                          /CLKIN
   336                           ;	Watchdog Timer Enable bit
   337                           ;	WDTE = OFF, WDT disabled
   338                           ;	Power-up Timer Enable bit
   339                           ;	PWRTE = OFF, PWRT disabled
   340                           ;	RA5/MCLR pin function select
   341                           ;	MCLRE = ON, RA5/MCLR pin function is MCLR
   342                           ;	Brown-out Reset Enable bit
   343                           ;	BOREN = ON, BOD Reset enabled
   344                           ;	Low-Voltage Programming Enable bit
   345                           ;	LVP = ON, RB4/PGM pin has PGM function, low-voltage programming enabled
   346                           ;	Data Code Protection bit
   347                           ;	CPD = OFF, Data memory code protection off
   348                           ;	Code Protection bits
   349                           ;	CP = OFF, Program memory code protection off
   350  2007                     	org	8199
   351  2007  3FEA               	dw	16362

Data Sizes:
    Strings     0
    Constant    0
    Data        0
    BSS         0
    Persistent  0
    Stack       0

Auto Spaces:
    Space          Size  Autos    Used
    COMMON           14      5       5
    BANK0            80      0       0
    BANK1            80      0       0
    BANK2            48      0       0

Pointer List with Targets:

    None.

Critical Paths under _main in COMMON

    None.

Critical Paths under _main in BANK0

    None.

Critical Paths under _main in BANK1

    None.

Critical Paths under _main in BANK2

    None.

Call Graph Tables:

 ---------------------------------------------------------------------------------
 (Depth) Function   	        Calls       Base Space   Used Autos Params    Refs
 ---------------------------------------------------------------------------------
 (0) _main                                                 5     5      0     105
                                              0 COMMON     5     5      0
 ---------------------------------------------------------------------------------
 Estimated maximum stack depth 0
 ---------------------------------------------------------------------------------

 Call Graph Graphs:

 _main (ROOT)

 Address spaces:
Name               Size   Autos  Total    Cost      Usage
BITCOMMON            E      0       0       0        0.0%
EEDATA              80      0       0       0        0.0%
NULL                 0      0       0       0        0.0%
CODE                 0      0       0       0        0.0%
COMMON               E      5       5       1       35.7%
BITSFR0              0      0       0       1        0.0%
SFR0                 0      0       0       1        0.0%
BITSFR1              0      0       0       2        0.0%
SFR1                 0      0       0       2        0.0%
STACK                0      0       0       2        0.0%
BANK0               50      0       0       3        0.0%
BITSFR3              0      0       0       4        0.0%
SFR3                 0      0       0       4        0.0%
ABS                  0      0       0       4        0.0%
BITBANK0            50      0       0       5        0.0%
BITSFR2              0      0       0       5        0.0%
SFR2                 0      0       0       5        0.0%
BITBANK1            50      0       0       6        0.0%
BANK1               50      0       0       7        0.0%
BITBANK2            30      0       0       8        0.0%
BANK2               30      0       0       9        0.0%
DATA                 0      0       0      10        0.0%


Microchip Technology PIC Macro Assembler V2.31 build 20201012212115 
Symbol Table                                                                                   Thu Dec 08 22:50:26 2022

                     u10 03C3                       u11 03C2                       u20 03D7  
                     u21 03D6                       u30 03E3                       u31 03E2  
                     u40 03E8                       u41 03E7                       u57 03F5  
                    l621 03BE                      l613 03B2                      l631 03DB  
                    l623 03C3                      l615 03B6                      l641 03EB  
                    l633 03DE                      l625 03CA                      l617 03B7  
                    l643 03EF                      l635 03E3                      l627 03D1  
                    l619 03B9                      l637 03E8                      l629 03D7  
                    l639 03EA                     _main 03B2                     btemp 007E  
                   start 0000                    ?_main 0070                    _PORTB 0006  
                  _TRISA 0085                    _TRISB 0086                    main@x 0074  
                  status 0003                    wtemp0 007E          __initialization 03FE  
           __end_of_main 03FE                   ??_main 0070  __end_of__initialization 03FE  
         __pcstackCOMMON 0070               __pmaintext 03B2                  main@dir 0073  
   end_of_initialization 03FE      start_initialization 03FE                ___latbits 0000  
          __size_of_main 004C  
